{"/home/travis/build/npmtest/node-npmtest-jira/test.js":{"path":"/home/travis/build/npmtest/node-npmtest-jira/test.js","s":{"1":2,"2":2,"3":2,"4":2,"5":2,"6":2,"7":2,"8":1,"9":2,"10":2,"11":1,"12":1,"13":1,"14":1,"15":2,"16":2,"17":2,"18":2,"19":1,"20":1,"21":2,"22":2,"23":2,"24":1,"25":1,"26":1,"27":1,"28":1,"29":1,"30":1,"31":1,"32":1,"33":1,"34":1,"35":1,"36":1,"37":1,"38":1,"39":2,"40":2,"41":1,"42":2,"43":2,"44":1,"45":2,"46":2,"47":1,"48":2,"49":2,"50":1,"51":1,"52":1,"53":1,"54":1},"b":{"1":[2,1,1,1],"2":[1,1,1,1],"3":[1,1],"4":[1,1],"5":[1,1],"6":[1,1],"7":[1,1],"8":[1,1],"9":[1,1],"10":[1,1,1],"11":[1,1],"12":[1,1],"13":[1,1],"14":[1,1],"15":[1,1],"16":[1,1],"17":[1,1]},"f":{"1":2,"2":2,"3":2,"4":2,"5":2,"6":1,"7":1,"8":1,"9":2,"10":2,"11":2,"12":2,"13":1},"fnMap":{"1":{"name":"(anonymous_1)","line":12,"loc":{"start":{"line":12,"column":1},"end":{"line":12,"column":13}}},"2":{"name":"(anonymous_2)","line":19,"loc":{"start":{"line":19,"column":5},"end":{"line":19,"column":17}}},"3":{"name":"(anonymous_3)","line":23,"loc":{"start":{"line":23,"column":24},"end":{"line":23,"column":36}}},"4":{"name":"(anonymous_4)","line":61,"loc":{"start":{"line":61,"column":5},"end":{"line":61,"column":17}}},"5":{"name":"(anonymous_5)","line":82,"loc":{"start":{"line":82,"column":5},"end":{"line":82,"column":17}}},"6":{"name":"(anonymous_6)","line":91,"loc":{"start":{"line":91,"column":77},"end":{"line":94,"column":10}}},"7":{"name":"(anonymous_7)","line":112,"loc":{"start":{"line":112,"column":83},"end":{"line":115,"column":10}},"skip":true},"8":{"name":"(anonymous_8)","line":123,"loc":{"start":{"line":123,"column":77},"end":{"line":126,"column":10}},"skip":true},"9":{"name":"(anonymous_9)","line":139,"loc":{"start":{"line":139,"column":12},"end":{"line":139,"column":40}},"skip":true},"10":{"name":"(anonymous_10)","line":147,"loc":{"start":{"line":147,"column":77},"end":{"line":150,"column":10}},"skip":true},"11":{"name":"(anonymous_11)","line":158,"loc":{"start":{"line":158,"column":83},"end":{"line":161,"column":10}},"skip":true},"12":{"name":"(anonymous_12)","line":169,"loc":{"start":{"line":169,"column":79},"end":{"line":172,"column":10}},"skip":true},"13":{"name":"(anonymous_13)","line":180,"loc":{"start":{"line":180,"column":75},"end":{"line":183,"column":10}},"skip":true}},"statementMap":{"1":{"start":{"line":12,"column":0},"end":{"line":195,"column":5}},"2":{"start":{"line":14,"column":4},"end":{"line":14,"column":14}},"3":{"start":{"line":19,"column":4},"end":{"line":56,"column":9}},"4":{"start":{"line":21,"column":8},"end":{"line":21,"column":19}},"5":{"start":{"line":23,"column":8},"end":{"line":35,"column":13}},"6":{"start":{"line":24,"column":12},"end":{"line":34,"column":13}},"7":{"start":{"line":25,"column":16},"end":{"line":28,"column":30}},"8":{"start":{"line":30,"column":16},"end":{"line":33,"column":27}},"9":{"start":{"line":37,"column":8},"end":{"line":39,"column":21}},"10":{"start":{"line":40,"column":8},"end":{"line":53,"column":9}},"11":{"start":{"line":43,"column":12},"end":{"line":46,"column":14}},"12":{"start":{"line":47,"column":12},"end":{"line":47,"column":18}},"13":{"start":{"line":50,"column":12},"end":{"line":51,"column":33}},"14":{"start":{"line":52,"column":12},"end":{"line":52,"column":18}},"15":{"start":{"line":55,"column":8},"end":{"line":55,"column":35}},"16":{"start":{"line":61,"column":4},"end":{"line":63,"column":9}},"17":{"start":{"line":62,"column":8},"end":{"line":62,"column":15}},"18":{"start":{"line":64,"column":4},"end":{"line":77,"column":5}},"19":{"start":{"line":70,"column":8},"end":{"line":70,"column":14}},"20":{"start":{"line":76,"column":8},"end":{"line":76,"column":14}},"21":{"start":{"line":82,"column":4},"end":{"line":84,"column":9}},"22":{"start":{"line":83,"column":8},"end":{"line":83,"column":15}},"23":{"start":{"line":85,"column":4},"end":{"line":194,"column":5}},"24":{"start":{"line":91,"column":8},"end":{"line":99,"column":10}},"25":{"start":{"line":98,"column":12},"end":{"line":98,"column":35}},"26":{"start":{"line":102,"column":8},"end":{"line":104,"column":63}},"27":{"start":{"line":105,"column":8},"end":{"line":105,"column":14}},"28":{"start":{"line":112,"column":8},"end":{"line":121,"column":10},"skip":true},"29":{"start":{"line":119,"column":12},"end":{"line":119,"column":55},"skip":true},"30":{"start":{"line":120,"column":12},"end":{"line":120,"column":48},"skip":true},"31":{"start":{"line":123,"column":8},"end":{"line":136,"column":10},"skip":true},"32":{"start":{"line":130,"column":12},"end":{"line":130,"column":76},"skip":true},"33":{"start":{"line":131,"column":12},"end":{"line":131,"column":73},"skip":true},"34":{"start":{"line":132,"column":12},"end":{"line":132,"column":74},"skip":true},"35":{"start":{"line":133,"column":12},"end":{"line":133,"column":79},"skip":true},"36":{"start":{"line":134,"column":12},"end":{"line":134,"column":25},"skip":true},"37":{"start":{"line":135,"column":12},"end":{"line":135,"column":45},"skip":true},"38":{"start":{"line":138,"column":8},"end":{"line":145,"column":14},"skip":true},"39":{"start":{"line":143,"column":16},"end":{"line":143,"column":29},"skip":true},"40":{"start":{"line":144,"column":16},"end":{"line":144,"column":55},"skip":true},"41":{"start":{"line":147,"column":8},"end":{"line":156,"column":10},"skip":true},"42":{"start":{"line":154,"column":12},"end":{"line":154,"column":25},"skip":true},"43":{"start":{"line":155,"column":12},"end":{"line":155,"column":45},"skip":true},"44":{"start":{"line":158,"column":8},"end":{"line":167,"column":10},"skip":true},"45":{"start":{"line":165,"column":12},"end":{"line":165,"column":25},"skip":true},"46":{"start":{"line":166,"column":12},"end":{"line":166,"column":48},"skip":true},"47":{"start":{"line":169,"column":8},"end":{"line":178,"column":10},"skip":true},"48":{"start":{"line":176,"column":12},"end":{"line":176,"column":25},"skip":true},"49":{"start":{"line":177,"column":12},"end":{"line":177,"column":46},"skip":true},"50":{"start":{"line":180,"column":8},"end":{"line":189,"column":10},"skip":true},"51":{"start":{"line":187,"column":12},"end":{"line":187,"column":94},"skip":true},"52":{"start":{"line":188,"column":12},"end":{"line":188,"column":48},"skip":true},"53":{"start":{"line":192,"column":8},"end":{"line":192,"column":35},"skip":true},"54":{"start":{"line":193,"column":8},"end":{"line":193,"column":14},"skip":true}},"branchMap":{"1":{"line":25,"type":"binary-expr","locations":[{"start":{"line":25,"column":23},"end":{"line":25,"column":62}},{"start":{"line":26,"column":20},"end":{"line":26,"column":70}},{"start":{"line":27,"column":20},"end":{"line":27,"column":71}},{"start":{"line":28,"column":20},"end":{"line":28,"column":29}}]},"2":{"line":30,"type":"binary-expr","locations":[{"start":{"line":30,"column":23},"end":{"line":30,"column":37}},{"start":{"line":31,"column":20},"end":{"line":31,"column":61}},{"start":{"line":32,"column":20},"end":{"line":32,"column":70}},{"start":{"line":33,"column":20},"end":{"line":33,"column":26}}]},"3":{"line":37,"type":"cond-expr","locations":[{"start":{"line":38,"column":14},"end":{"line":38,"column":20}},{"start":{"line":39,"column":14},"end":{"line":39,"column":20}}]},"4":{"line":40,"type":"switch","locations":[{"start":{"line":42,"column":8},"end":{"line":47,"column":18}},{"start":{"line":49,"column":8},"end":{"line":52,"column":18}}]},"5":{"line":44,"type":"binary-expr","locations":[{"start":{"line":44,"column":16},"end":{"line":44,"column":44}},{"start":{"line":44,"column":48},"end":{"line":44,"column":66}}]},"6":{"line":50,"type":"binary-expr","locations":[{"start":{"line":50,"column":21},"end":{"line":50,"column":49}},{"start":{"line":50,"column":53},"end":{"line":50,"column":72}}]},"7":{"line":64,"type":"switch","locations":[{"start":{"line":69,"column":4},"end":{"line":70,"column":14}},{"start":{"line":75,"column":4},"end":{"line":76,"column":14}}]},"8":{"line":85,"type":"switch","locations":[{"start":{"line":90,"column":4},"end":{"line":105,"column":14}},{"start":{"line":111,"column":4},"end":{"line":193,"column":14},"skip":true}]},"9":{"line":91,"type":"binary-expr","locations":[{"start":{"line":91,"column":42},"end":{"line":91,"column":73}},{"start":{"line":91,"column":77},"end":{"line":99,"column":9}}]},"10":{"line":102,"type":"binary-expr","locations":[{"start":{"line":102,"column":18},"end":{"line":102,"column":32}},{"start":{"line":103,"column":12},"end":{"line":103,"column":53}},{"start":{"line":104,"column":12},"end":{"line":104,"column":61}}]},"11":{"line":112,"type":"binary-expr","locations":[{"start":{"line":112,"column":45},"end":{"line":112,"column":79},"skip":true},{"start":{"line":112,"column":83},"end":{"line":121,"column":9},"skip":true}]},"12":{"line":123,"type":"binary-expr","locations":[{"start":{"line":123,"column":42},"end":{"line":123,"column":73},"skip":true},{"start":{"line":123,"column":77},"end":{"line":136,"column":9},"skip":true}]},"13":{"line":138,"type":"binary-expr","locations":[{"start":{"line":138,"column":48},"end":{"line":138,"column":85},"skip":true},{"start":{"line":139,"column":12},"end":{"line":145,"column":13},"skip":true}]},"14":{"line":147,"type":"binary-expr","locations":[{"start":{"line":147,"column":42},"end":{"line":147,"column":73},"skip":true},{"start":{"line":147,"column":77},"end":{"line":156,"column":9},"skip":true}]},"15":{"line":158,"type":"binary-expr","locations":[{"start":{"line":158,"column":45},"end":{"line":158,"column":79},"skip":true},{"start":{"line":158,"column":83},"end":{"line":167,"column":9},"skip":true}]},"16":{"line":169,"type":"binary-expr","locations":[{"start":{"line":169,"column":43},"end":{"line":169,"column":75},"skip":true},{"start":{"line":169,"column":79},"end":{"line":178,"column":9},"skip":true}]},"17":{"line":180,"type":"binary-expr","locations":[{"start":{"line":180,"column":41},"end":{"line":180,"column":71},"skip":true},{"start":{"line":180,"column":75},"end":{"line":189,"column":9},"skip":true}]}},"code":["/* istanbul instrument in package npmtest_jira */","/*jslint","    bitwise: true,","    browser: true,","    maxerr: 8,","    maxlen: 96,","    node: true,","    nomen: true,","    regexp: true,","    stupid: true","*/","(function () {","    'use strict';","    var local;","","","","    // run shared js-env code - pre-init","    (function () {","        // init local","        local = {};","        // init modeJs","        local.modeJs = (function () {","            try {","                return typeof navigator.userAgent === 'string' &&","                    typeof document.querySelector('body') === 'object' &&","                    typeof XMLHttpRequest.prototype.open === 'function' &&","                    'browser';","            } catch (errorCaughtBrowser) {","                return module.exports &&","                    typeof process.versions.node === 'string' &&","                    typeof require('http').createServer === 'function' &&","                    'node';","            }","        }());","        // init global","        local.global = local.modeJs === 'browser'","            ? window","            : global;","        switch (local.modeJs) {","        // re-init local from window.local","        case 'browser':","            local = local.global.utility2.objectSetDefault(","                local.global.utility2_rollup || local.global.local,","                local.global.utility2","            );","            break;","        // re-init local from example.js","        case 'node':","            local = (local.global.utility2_rollup || require('utility2'))","                .requireReadme();","            break;","        }","        // export local","        local.global.local = local;","    }());","","","","    // run shared js-env code - function","    (function () {","        return;","    }());","    switch (local.modeJs) {","","","","    // run browser js-env code - function","    case 'browser':","        break;","","","","    // run node js-env code - function","    case 'node':","        break;","    }","","","","    // run shared js-env code - post-init","    (function () {","        return;","    }());","    switch (local.modeJs) {","","","","    // run browser js-env code - post-init","    case 'browser':","        local.testCase_browser_nullCase = local.testCase_browser_nullCase || function (","            options,","            onError","        ) {","        /*","         * this function will test browsers's null-case handling-behavior-behavior","         */","            onError(null, options);","        };","","        // run tests","        local.nop(local.modeTest &&","            document.querySelector('#testRunButton1') &&","            document.querySelector('#testRunButton1').click());","        break;","","","","    // run node js-env code - post-init","    /* istanbul ignore next */","    case 'node':","        local.testCase_buildApidoc_default = local.testCase_buildApidoc_default || function (","            options,","            onError","        ) {","        /*","         * this function will test buildApidoc's default handling-behavior-behavior","         */","            options = { modulePathList: module.paths };","            local.buildApidoc(options, onError);","        };","","        local.testCase_buildApp_default = local.testCase_buildApp_default || function (","            options,","            onError","        ) {","        /*","         * this function will test buildApp's default handling-behavior-behavior","         */","            local.testCase_buildReadme_default(options, local.onErrorThrow);","            local.testCase_buildLib_default(options, local.onErrorThrow);","            local.testCase_buildTest_default(options, local.onErrorThrow);","            local.testCase_buildCustomOrg_default(options, local.onErrorThrow);","            options = [];","            local.buildApp(options, onError);","        };","","        local.testCase_buildCustomOrg_default = local.testCase_buildCustomOrg_default ||","            function (options, onError) {","            /*","             * this function will test buildCustomOrg's default handling-behavior","             */","                options = {};","                local.buildCustomOrg(options, onError);","            };","","        local.testCase_buildLib_default = local.testCase_buildLib_default || function (","            options,","            onError","        ) {","        /*","         * this function will test buildLib's default handling-behavior","         */","            options = {};","            local.buildLib(options, onError);","        };","","        local.testCase_buildReadme_default = local.testCase_buildReadme_default || function (","            options,","            onError","        ) {","        /*","         * this function will test buildReadme's default handling-behavior-behavior","         */","            options = {};","            local.buildReadme(options, onError);","        };","","        local.testCase_buildTest_default = local.testCase_buildTest_default || function (","            options,","            onError","        ) {","        /*","         * this function will test buildTest's default handling-behavior","         */","            options = {};","            local.buildTest(options, onError);","        };","","        local.testCase_webpage_default = local.testCase_webpage_default || function (","            options,","            onError","        ) {","        /*","         * this function will test webpage's default handling-behavior","         */","            options = { modeCoverageMerge: true, url: local.serverLocalHost + '?modeTest=1' };","            local.browserTest(options, onError);","        };","","        // run test-server","        local.testRunServer(local);","        break;","    }","}());",""],"l":{"12":2,"14":2,"19":2,"21":2,"23":2,"24":2,"25":2,"30":1,"37":2,"40":2,"43":1,"47":1,"50":1,"52":1,"55":2,"61":2,"62":2,"64":2,"70":1,"76":1,"82":2,"83":2,"85":2,"91":1,"98":1,"102":1,"105":1,"112":1,"119":1,"120":1,"123":1,"130":1,"131":1,"132":1,"133":1,"134":1,"135":1,"138":1,"143":2,"144":2,"147":1,"154":2,"155":2,"158":1,"165":2,"166":2,"169":1,"176":2,"177":2,"180":1,"187":1,"188":1,"192":1,"193":1}},"/home/travis/build/npmtest/node-npmtest-jira/lib.npmtest_jira.js":{"path":"/home/travis/build/npmtest/node-npmtest-jira/lib.npmtest_jira.js","s":{"1":2,"2":2,"3":2,"4":2,"5":2,"6":2,"7":2,"8":1,"9":2,"10":2,"11":2,"12":2,"13":1,"14":1,"15":1,"16":1},"b":{"1":[2,1,1,1],"2":[1,1,1,1],"3":[1,1],"4":[2,2],"5":[1,1]},"f":{"1":2,"2":2,"3":2},"fnMap":{"1":{"name":"(anonymous_1)","line":12,"loc":{"start":{"line":12,"column":1},"end":{"line":12,"column":13}}},"2":{"name":"(anonymous_2)","line":19,"loc":{"start":{"line":19,"column":5},"end":{"line":19,"column":17}}},"3":{"name":"(anonymous_3)","line":23,"loc":{"start":{"line":23,"column":24},"end":{"line":23,"column":36}}}},"statementMap":{"1":{"start":{"line":12,"column":0},"end":{"line":53,"column":5}},"2":{"start":{"line":14,"column":4},"end":{"line":14,"column":14}},"3":{"start":{"line":19,"column":4},"end":{"line":52,"column":9}},"4":{"start":{"line":21,"column":8},"end":{"line":21,"column":19}},"5":{"start":{"line":23,"column":8},"end":{"line":35,"column":13}},"6":{"start":{"line":24,"column":12},"end":{"line":34,"column":13}},"7":{"start":{"line":25,"column":16},"end":{"line":28,"column":30}},"8":{"start":{"line":30,"column":16},"end":{"line":33,"column":27}},"9":{"start":{"line":37,"column":8},"end":{"line":39,"column":21}},"10":{"start":{"line":41,"column":8},"end":{"line":41,"column":54}},"11":{"start":{"line":43,"column":8},"end":{"line":43,"column":49}},"12":{"start":{"line":45,"column":8},"end":{"line":51,"column":9}},"13":{"start":{"line":46,"column":12},"end":{"line":46,"column":55}},"14":{"start":{"line":48,"column":12},"end":{"line":48,"column":35}},"15":{"start":{"line":49,"column":12},"end":{"line":49,"column":49}},"16":{"start":{"line":50,"column":12},"end":{"line":50,"column":43}}},"branchMap":{"1":{"line":25,"type":"binary-expr","locations":[{"start":{"line":25,"column":23},"end":{"line":25,"column":62}},{"start":{"line":26,"column":20},"end":{"line":26,"column":70}},{"start":{"line":27,"column":20},"end":{"line":27,"column":71}},{"start":{"line":28,"column":20},"end":{"line":28,"column":29}}]},"2":{"line":30,"type":"binary-expr","locations":[{"start":{"line":30,"column":23},"end":{"line":30,"column":37}},{"start":{"line":31,"column":20},"end":{"line":31,"column":61}},{"start":{"line":32,"column":20},"end":{"line":32,"column":70}},{"start":{"line":33,"column":20},"end":{"line":33,"column":26}}]},"3":{"line":37,"type":"cond-expr","locations":[{"start":{"line":38,"column":14},"end":{"line":38,"column":20}},{"start":{"line":39,"column":14},"end":{"line":39,"column":20}}]},"4":{"line":41,"type":"binary-expr","locations":[{"start":{"line":41,"column":16},"end":{"line":41,"column":44}},{"start":{"line":41,"column":48},"end":{"line":41,"column":53}}]},"5":{"line":45,"type":"if","locations":[{"start":{"line":45,"column":8},"end":{"line":45,"column":8}},{"start":{"line":45,"column":8},"end":{"line":45,"column":8}}]}},"code":["/* istanbul instrument in package npmtest_jira */","/*jslint","    bitwise: true,","    browser: true,","    maxerr: 8,","    maxlen: 96,","    node: true,","    nomen: true,","    regexp: true,","    stupid: true","*/","(function () {","    'use strict';","    var local;","","","","    // run shared js-env code - pre-init","    (function () {","        // init local","        local = {};","        // init modeJs","        local.modeJs = (function () {","            try {","                return typeof navigator.userAgent === 'string' &&","                    typeof document.querySelector('body') === 'object' &&","                    typeof XMLHttpRequest.prototype.open === 'function' &&","                    'browser';","            } catch (errorCaughtBrowser) {","                return module.exports &&","                    typeof process.versions.node === 'string' &&","                    typeof require('http').createServer === 'function' &&","                    'node';","            }","        }());","        // init global","        local.global = local.modeJs === 'browser'","            ? window","            : global;","        // init utility2_rollup","        local = local.global.utility2_rollup || local;","        // init lib","        local.local = local.npmtest_jira = local;","        // init exports","        if (local.modeJs === 'browser') {","            local.global.utility2_npmtest_jira = local;","        } else {","            module.exports = local;","            module.exports.__dirname = __dirname;","            module.exports.module = module;","        }","    }());","}());",""],"l":{"12":2,"14":2,"19":2,"21":2,"23":2,"24":2,"25":2,"30":1,"37":2,"41":2,"43":2,"45":2,"46":1,"48":1,"49":1,"50":1}},"/home/travis/build/npmtest/node-npmtest-jira/example.js":{"path":"/home/travis/build/npmtest/node-npmtest-jira/example.js","s":{"1":2,"2":2,"3":2,"4":2,"5":2,"6":2,"7":2,"8":1,"9":2,"10":2,"11":2,"12":2,"13":1,"14":2,"15":2,"16":2,"17":2,"18":2,"19":0,"20":2,"21":1,"22":1,"23":1,"24":1,"25":1,"26":0,"27":0,"28":1,"29":1,"30":2,"31":0,"32":0,"33":0,"34":1,"35":2,"36":2,"37":3,"38":3,"39":3,"40":3,"41":0,"42":3,"43":3,"44":3,"45":1,"46":3,"47":1,"48":1,"49":1,"50":1,"51":1,"52":1,"53":1,"54":1,"55":1,"56":1,"57":0,"58":1,"59":6,"60":6,"61":1,"62":2,"63":0,"64":2,"65":1,"66":1,"67":0,"68":0,"69":0,"70":0,"71":0,"72":0,"73":0,"74":0,"75":0,"76":0,"77":0,"78":0,"79":0,"80":0,"81":0,"82":0,"83":0},"b":{"1":[2,1,1,1],"2":[1,1,1,1],"3":[1,1],"4":[2,2],"5":[1,1],"6":[1,1],"7":[2,0],"8":[2,1,1,1,1,1],"9":[0,2,0],"10":[1,1],"11":[2,1,1],"12":[1,0],"13":[0,2],"14":[2,0,0,0,0,0,0],"15":[0,3],"16":[3,0],"17":[1,1],"18":[0,1],"19":[1,2,0,2],"20":[1,0],"21":[1,1],"22":[0,0],"23":[0,0],"24":[0,0],"25":[0,0],"26":[0,0],"27":[0,0],"28":[0,0]},"f":{"1":2,"2":2,"3":2,"4":2,"5":2,"6":2,"7":3,"8":3,"9":3,"10":1,"11":6,"12":0},"fnMap":{"1":{"name":"(anonymous_1)","line":26,"loc":{"start":{"line":26,"column":1},"end":{"line":26,"column":13}}},"2":{"name":"(anonymous_2)","line":33,"loc":{"start":{"line":33,"column":5},"end":{"line":33,"column":17}}},"3":{"name":"(anonymous_3)","line":37,"loc":{"start":{"line":37,"column":24},"end":{"line":37,"column":36}}},"4":{"name":"(anonymous_4)","line":69,"loc":{"start":{"line":69,"column":31},"end":{"line":69,"column":48}},"skip":true},"5":{"name":"(anonymous_5)","line":78,"loc":{"start":{"line":78,"column":26},"end":{"line":78,"column":45}},"skip":true},"6":{"name":"(anonymous_6)","line":123,"loc":{"start":{"line":123,"column":33},"end":{"line":123,"column":48}},"skip":true},"7":{"name":"(anonymous_7)","line":125,"loc":{"start":{"line":125,"column":27},"end":{"line":125,"column":39}},"skip":true},"8":{"name":"(anonymous_8)","line":133,"loc":{"start":{"line":133,"column":59},"end":{"line":133,"column":74}},"skip":true},"9":{"name":"(anonymous_9)","line":143,"loc":{"start":{"line":143,"column":45},"end":{"line":143,"column":62}},"skip":true},"10":{"name":"(anonymous_10)","line":144,"loc":{"start":{"line":144,"column":73},"end":{"line":144,"column":92}},"skip":true},"11":{"name":"(anonymous_11)","line":272,"loc":{"start":{"line":272,"column":51},"end":{"line":272,"column":77}},"skip":true},"12":{"name":"(anonymous_12)","line":315,"loc":{"start":{"line":315,"column":32},"end":{"line":315,"column":61}},"skip":true}},"statementMap":{"1":{"start":{"line":26,"column":0},"end":{"line":326,"column":5}},"2":{"start":{"line":28,"column":4},"end":{"line":28,"column":14}},"3":{"start":{"line":33,"column":4},"end":{"line":60,"column":9}},"4":{"start":{"line":35,"column":8},"end":{"line":35,"column":19}},"5":{"start":{"line":37,"column":8},"end":{"line":49,"column":13}},"6":{"start":{"line":38,"column":12},"end":{"line":48,"column":13}},"7":{"start":{"line":39,"column":16},"end":{"line":42,"column":30}},"8":{"start":{"line":44,"column":16},"end":{"line":47,"column":27}},"9":{"start":{"line":51,"column":8},"end":{"line":53,"column":21}},"10":{"start":{"line":55,"column":8},"end":{"line":57,"column":45}},"11":{"start":{"line":59,"column":8},"end":{"line":59,"column":35}},"12":{"start":{"line":61,"column":4},"end":{"line":325,"column":5}},"13":{"start":{"line":69,"column":8},"end":{"line":121,"column":10},"skip":true},"14":{"start":{"line":70,"column":12},"end":{"line":88,"column":13},"skip":true},"15":{"start":{"line":76,"column":16},"end":{"line":87,"column":19},"skip":true},"16":{"start":{"line":79,"column":20},"end":{"line":86,"column":21},"skip":true},"17":{"start":{"line":82,"column":24},"end":{"line":82,"column":43},"skip":true},"18":{"start":{"line":83,"column":24},"end":{"line":83,"column":30},"skip":true},"19":{"start":{"line":85,"column":24},"end":{"line":85,"column":49},"skip":true},"20":{"start":{"line":89,"column":12},"end":{"line":107,"column":13},"skip":true},"21":{"start":{"line":92,"column":16},"end":{"line":102,"column":17},"skip":true},"22":{"start":{"line":93,"column":20},"end":{"line":93,"column":86},"skip":true},"23":{"start":{"line":94,"column":20},"end":{"line":95,"column":45},"skip":true},"24":{"start":{"line":96,"column":20},"end":{"line":96,"column":42},"skip":true},"25":{"start":{"line":97,"column":20},"end":{"line":97,"column":48},"skip":true},"26":{"start":{"line":100,"column":20},"end":{"line":100,"column":85},"skip":true},"27":{"start":{"line":101,"column":20},"end":{"line":101,"column":96},"skip":true},"28":{"start":{"line":103,"column":16},"end":{"line":103,"column":22},"skip":true},"29":{"start":{"line":106,"column":16},"end":{"line":106,"column":22},"skip":true},"30":{"start":{"line":108,"column":12},"end":{"line":120,"column":13},"skip":true},"31":{"start":{"line":114,"column":16},"end":{"line":119,"column":17},"skip":true},"32":{"start":{"line":116,"column":20},"end":{"line":116,"column":78},"skip":true},"33":{"start":{"line":118,"column":20},"end":{"line":118,"column":47},"skip":true},"34":{"start":{"line":123,"column":8},"end":{"line":141,"column":11},"skip":true},"35":{"start":{"line":124,"column":12},"end":{"line":124,"column":54},"skip":true},"36":{"start":{"line":125,"column":12},"end":{"line":140,"column":14},"skip":true},"37":{"start":{"line":126,"column":16},"end":{"line":126,"column":28},"skip":true},"38":{"start":{"line":127,"column":16},"end":{"line":127,"column":69},"skip":true},"39":{"start":{"line":128,"column":16},"end":{"line":128,"column":75},"skip":true},"40":{"start":{"line":129,"column":16},"end":{"line":131,"column":17},"skip":true},"41":{"start":{"line":130,"column":20},"end":{"line":130,"column":27},"skip":true},"42":{"start":{"line":133,"column":16},"end":{"line":137,"column":36},"skip":true},"43":{"start":{"line":134,"column":20},"end":{"line":136,"column":55},"skip":true},"44":{"start":{"line":139,"column":16},"end":{"line":139,"column":57},"skip":true},"45":{"start":{"line":143,"column":8},"end":{"line":147,"column":11},"skip":true},"46":{"start":{"line":144,"column":12},"end":{"line":146,"column":15},"skip":true},"47":{"start":{"line":145,"column":16},"end":{"line":145,"column":70},"skip":true},"48":{"start":{"line":149,"column":8},"end":{"line":149,"column":31},"skip":true},"49":{"start":{"line":150,"column":8},"end":{"line":150,"column":14},"skip":true},"50":{"start":{"line":158,"column":8},"end":{"line":158,"column":31},"skip":true},"51":{"start":{"line":160,"column":8},"end":{"line":160,"column":33},"skip":true},"52":{"start":{"line":161,"column":8},"end":{"line":161,"column":37},"skip":true},"53":{"start":{"line":162,"column":8},"end":{"line":162,"column":35},"skip":true},"54":{"start":{"line":164,"column":8},"end":{"line":164,"column":50},"skip":true},"55":{"start":{"line":166,"column":8},"end":{"line":256,"column":2},"skip":true},"56":{"start":{"line":258,"column":8},"end":{"line":286,"column":9},"skip":true},"57":{"start":{"line":259,"column":12},"end":{"line":269,"column":14},"skip":true},"58":{"start":{"line":271,"column":12},"end":{"line":285,"column":19},"skip":true},"59":{"start":{"line":274,"column":20},"end":{"line":274,"column":35},"skip":true},"60":{"start":{"line":275,"column":20},"end":{"line":284,"column":21},"skip":true},"61":{"start":{"line":277,"column":24},"end":{"line":277,"column":64},"skip":true},"62":{"start":{"line":279,"column":24},"end":{"line":279,"column":40},"skip":true},"63":{"start":{"line":281,"column":24},"end":{"line":281,"column":40},"skip":true},"64":{"start":{"line":283,"column":24},"end":{"line":283,"column":39},"skip":true},"65":{"start":{"line":288,"column":8},"end":{"line":290,"column":9},"skip":true},"66":{"start":{"line":289,"column":12},"end":{"line":289,"column":18},"skip":true},"67":{"start":{"line":291,"column":8},"end":{"line":293,"column":54},"skip":true},"68":{"start":{"line":296,"column":8},"end":{"line":301,"column":37},"skip":true},"69":{"start":{"line":303,"column":8},"end":{"line":303,"column":82},"skip":true},"70":{"start":{"line":306,"column":8},"end":{"line":308,"column":9},"skip":true},"71":{"start":{"line":307,"column":12},"end":{"line":307,"column":82},"skip":true},"72":{"start":{"line":310,"column":8},"end":{"line":312,"column":9},"skip":true},"73":{"start":{"line":311,"column":12},"end":{"line":311,"column":18},"skip":true},"74":{"start":{"line":313,"column":8},"end":{"line":313,"column":54},"skip":true},"75":{"start":{"line":314,"column":8},"end":{"line":314,"column":69},"skip":true},"76":{"start":{"line":315,"column":8},"end":{"line":323,"column":36},"skip":true},"77":{"start":{"line":316,"column":12},"end":{"line":316,"column":61},"skip":true},"78":{"start":{"line":317,"column":12},"end":{"line":320,"column":13},"skip":true},"79":{"start":{"line":318,"column":16},"end":{"line":318,"column":75},"skip":true},"80":{"start":{"line":319,"column":16},"end":{"line":319,"column":23},"skip":true},"81":{"start":{"line":321,"column":12},"end":{"line":321,"column":38},"skip":true},"82":{"start":{"line":322,"column":12},"end":{"line":322,"column":27},"skip":true},"83":{"start":{"line":324,"column":8},"end":{"line":324,"column":14},"skip":true}},"branchMap":{"1":{"line":39,"type":"binary-expr","locations":[{"start":{"line":39,"column":23},"end":{"line":39,"column":62}},{"start":{"line":40,"column":20},"end":{"line":40,"column":70}},{"start":{"line":41,"column":20},"end":{"line":41,"column":71}},{"start":{"line":42,"column":20},"end":{"line":42,"column":29}}]},"2":{"line":44,"type":"binary-expr","locations":[{"start":{"line":44,"column":23},"end":{"line":44,"column":37}},{"start":{"line":45,"column":20},"end":{"line":45,"column":61}},{"start":{"line":46,"column":20},"end":{"line":46,"column":70}},{"start":{"line":47,"column":20},"end":{"line":47,"column":26}}]},"3":{"line":51,"type":"cond-expr","locations":[{"start":{"line":52,"column":14},"end":{"line":52,"column":20}},{"start":{"line":53,"column":14},"end":{"line":53,"column":20}}]},"4":{"line":55,"type":"binary-expr","locations":[{"start":{"line":55,"column":16},"end":{"line":55,"column":44}},{"start":{"line":55,"column":49},"end":{"line":57,"column":43}}]},"5":{"line":55,"type":"cond-expr","locations":[{"start":{"line":56,"column":14},"end":{"line":56,"column":48}},{"start":{"line":57,"column":14},"end":{"line":57,"column":43}}]},"6":{"line":61,"type":"switch","locations":[{"start":{"line":68,"column":4},"end":{"line":150,"column":14},"skip":true},{"start":{"line":156,"column":4},"end":{"line":324,"column":14},"skip":true}]},"7":{"line":70,"type":"if","locations":[{"start":{"line":70,"column":12},"end":{"line":70,"column":12},"skip":true},{"start":{"line":70,"column":12},"end":{"line":70,"column":12},"skip":true}]},"8":{"line":70,"type":"binary-expr","locations":[{"start":{"line":70,"column":16},"end":{"line":70,"column":22},"skip":true},{"start":{"line":70,"column":27},"end":{"line":70,"column":32},"skip":true},{"start":{"line":71,"column":20},"end":{"line":71,"column":39},"skip":true},{"start":{"line":72,"column":20},"end":{"line":72,"column":49},"skip":true},{"start":{"line":73,"column":20},"end":{"line":73,"column":58},"skip":true},{"start":{"line":74,"column":20},"end":{"line":74,"column":69},"skip":true}]},"9":{"line":79,"type":"switch","locations":[{"start":{"line":80,"column":20},"end":{"line":80,"column":33},"skip":true},{"start":{"line":81,"column":20},"end":{"line":83,"column":30},"skip":true},{"start":{"line":84,"column":20},"end":{"line":85,"column":49},"skip":true}]},"10":{"line":89,"type":"switch","locations":[{"start":{"line":90,"column":12},"end":{"line":103,"column":22},"skip":true},{"start":{"line":105,"column":12},"end":{"line":106,"column":22},"skip":true}]},"11":{"line":89,"type":"binary-expr","locations":[{"start":{"line":89,"column":20},"end":{"line":89,"column":25},"skip":true},{"start":{"line":89,"column":29},"end":{"line":89,"column":48},"skip":true},{"start":{"line":89,"column":52},"end":{"line":89,"column":74},"skip":true}]},"12":{"line":92,"type":"if","locations":[{"start":{"line":92,"column":16},"end":{"line":92,"column":16},"skip":true},{"start":{"line":92,"column":16},"end":{"line":92,"column":16},"skip":true}]},"13":{"line":108,"type":"if","locations":[{"start":{"line":108,"column":12},"end":{"line":108,"column":12},"skip":true},{"start":{"line":108,"column":12},"end":{"line":108,"column":12},"skip":true}]},"14":{"line":108,"type":"binary-expr","locations":[{"start":{"line":108,"column":16},"end":{"line":108,"column":61},"skip":true},{"start":{"line":108,"column":66},"end":{"line":108,"column":72},"skip":true},{"start":{"line":108,"column":77},"end":{"line":108,"column":82},"skip":true},{"start":{"line":109,"column":20},"end":{"line":109,"column":39},"skip":true},{"start":{"line":110,"column":20},"end":{"line":110,"column":49},"skip":true},{"start":{"line":111,"column":20},"end":{"line":111,"column":58},"skip":true},{"start":{"line":112,"column":20},"end":{"line":112,"column":68},"skip":true}]},"15":{"line":129,"type":"if","locations":[{"start":{"line":129,"column":16},"end":{"line":129,"column":16},"skip":true},{"start":{"line":129,"column":16},"end":{"line":129,"column":16},"skip":true}]},"16":{"line":134,"type":"cond-expr","locations":[{"start":{"line":135,"column":26},"end":{"line":135,"column":29},"skip":true},{"start":{"line":136,"column":26},"end":{"line":136,"column":54},"skip":true}]},"17":{"line":164,"type":"binary-expr","locations":[{"start":{"line":164,"column":27},"end":{"line":164,"column":43},"skip":true},{"start":{"line":164,"column":47},"end":{"line":164,"column":49},"skip":true}]},"18":{"line":258,"type":"if","locations":[{"start":{"line":258,"column":8},"end":{"line":258,"column":8},"skip":true},{"start":{"line":258,"column":8},"end":{"line":258,"column":8},"skip":true}]},"19":{"line":275,"type":"switch","locations":[{"start":{"line":276,"column":20},"end":{"line":277,"column":64},"skip":true},{"start":{"line":278,"column":20},"end":{"line":279,"column":40},"skip":true},{"start":{"line":280,"column":20},"end":{"line":281,"column":40},"skip":true},{"start":{"line":282,"column":20},"end":{"line":283,"column":39},"skip":true}]},"20":{"line":288,"type":"if","locations":[{"start":{"line":288,"column":8},"end":{"line":288,"column":8},"skip":true},{"start":{"line":288,"column":8},"end":{"line":288,"column":8},"skip":true}]},"21":{"line":288,"type":"binary-expr","locations":[{"start":{"line":288,"column":12},"end":{"line":288,"column":40},"skip":true},{"start":{"line":288,"column":44},"end":{"line":288,"column":67},"skip":true}]},"22":{"line":292,"type":"binary-expr","locations":[{"start":{"line":292,"column":12},"end":{"line":292,"column":50},"skip":true},{"start":{"line":293,"column":12},"end":{"line":293,"column":53},"skip":true}]},"23":{"line":297,"type":"binary-expr","locations":[{"start":{"line":297,"column":12},"end":{"line":297,"column":62},"skip":true},{"start":{"line":298,"column":12},"end":{"line":301,"column":36},"skip":true}]},"24":{"line":303,"type":"binary-expr","locations":[{"start":{"line":303,"column":43},"end":{"line":303,"column":75},"skip":true},{"start":{"line":303,"column":79},"end":{"line":303,"column":81},"skip":true}]},"25":{"line":306,"type":"if","locations":[{"start":{"line":306,"column":8},"end":{"line":306,"column":8},"skip":true},{"start":{"line":306,"column":8},"end":{"line":306,"column":8},"skip":true}]},"26":{"line":310,"type":"if","locations":[{"start":{"line":310,"column":8},"end":{"line":310,"column":8},"skip":true},{"start":{"line":310,"column":8},"end":{"line":310,"column":8},"skip":true}]},"27":{"line":313,"type":"binary-expr","locations":[{"start":{"line":313,"column":27},"end":{"line":313,"column":43},"skip":true},{"start":{"line":313,"column":47},"end":{"line":313,"column":53},"skip":true}]},"28":{"line":317,"type":"if","locations":[{"start":{"line":317,"column":12},"end":{"line":317,"column":12},"skip":true},{"start":{"line":317,"column":12},"end":{"line":317,"column":12},"skip":true}]}},"code":["/*","example.js","","quickstart example","","instruction","    1. save this script as example.js","    2. run the shell command:","        $ npm install npmtest-jira && PORT=8081 node example.js","    3. play with the browser-demo on http://127.0.0.1:8081","*/","","","","/* istanbul instrument in package npmtest_jira */","/*jslint","    bitwise: true,","    browser: true,","    maxerr: 8,","    maxlen: 96,","    node: true,","    nomen: true,","    regexp: true,","    stupid: true","*/","(function () {","    'use strict';","    var local;","","","","    // run shared js-env code - pre-init","    (function () {","        // init local","        local = {};","        // init modeJs","        local.modeJs = (function () {","            try {","                return typeof navigator.userAgent === 'string' &&","                    typeof document.querySelector('body') === 'object' &&","                    typeof XMLHttpRequest.prototype.open === 'function' &&","                    'browser';","            } catch (errorCaughtBrowser) {","                return module.exports &&","                    typeof process.versions.node === 'string' &&","                    typeof require('http').createServer === 'function' &&","                    'node';","            }","        }());","        // init global","        local.global = local.modeJs === 'browser'","            ? window","            : global;","        // init utility2_rollup","        local = local.global.utility2_rollup || (local.modeJs === 'browser'","            ? local.global.utility2_npmtest_jira","            : global.utility2_moduleExports);","        // export local","        local.global.local = local;","    }());","    switch (local.modeJs) {","","","","    // post-init","    // run browser js-env code - post-init","    /* istanbul ignore next */","    case 'browser':","        local.testRunBrowser = function (event) {","            if (!event || (event &&","                    event.currentTarget &&","                    event.currentTarget.className &&","                    event.currentTarget.className.includes &&","                    event.currentTarget.className.includes('onreset'))) {","                // reset output","                Array.from(","                    document.querySelectorAll('body > .resettable')","                ).forEach(function (element) {","                    switch (element.tagName) {","                    case 'INPUT':","                    case 'TEXTAREA':","                        element.value = '';","                        break;","                    default:","                        element.textContent = '';","                    }","                });","            }","            switch (event && event.currentTarget && event.currentTarget.id) {","            case 'testRunButton1':","                // show tests","                if (document.querySelector('#testReportDiv1').style.display === 'none') {","                    document.querySelector('#testReportDiv1').style.display = 'block';","                    document.querySelector('#testRunButton1').textContent =","                        'hide internal test';","                    local.modeTest = true;","                    local.testRunDefault(local);","                // hide tests","                } else {","                    document.querySelector('#testReportDiv1').style.display = 'none';","                    document.querySelector('#testRunButton1').textContent = 'run internal test';","                }","                break;","            // custom-case","            default:","                break;","            }","            if (document.querySelector('#inputTextareaEval1') && (!event || (event &&","                    event.currentTarget &&","                    event.currentTarget.className &&","                    event.currentTarget.className.includes &&","                    event.currentTarget.className.includes('oneval')))) {","                // try to eval input-code","                try {","                    /*jslint evil: true*/","                    eval(document.querySelector('#inputTextareaEval1').value);","                } catch (errorCaught) {","                    console.error(errorCaught);","                }","            }","        };","        // log stderr and stdout to #outputTextareaStdout1","        ['error', 'log'].forEach(function (key) {","            console[key + '_original'] = console[key];","            console[key] = function () {","                var element;","                console[key + '_original'].apply(console, arguments);","                element = document.querySelector('#outputTextareaStdout1');","                if (!element) {","                    return;","                }","                // append text to #outputTextareaStdout1","                element.value += Array.from(arguments).map(function (arg) {","                    return typeof arg === 'string'","                        ? arg","                        : JSON.stringify(arg, null, 4);","                }).join(' ') + '\\n';","                // scroll textarea to bottom","                element.scrollTop = element.scrollHeight;","            };","        });","        // init event-handling","        ['change', 'click', 'keyup'].forEach(function (event) {","            Array.from(document.querySelectorAll('.on' + event)).forEach(function (element) {","                element.addEventListener(event, local.testRunBrowser);","            });","        });","        // run tests","        local.testRunBrowser();","        break;","","","","    // run node js-env code - post-init","    /* istanbul ignore next */","    case 'node':","        // export local","        module.exports = local;","        // require modules","        local.fs = require('fs');","        local.http = require('http');","        local.url = require('url');","        // init assets","        local.assetsDict = local.assetsDict || {};","        /* jslint-ignore-begin */","        local.assetsDict['/assets.index.template.html'] = '\\","<!doctype html>\\n\\","<html lang=\"en\">\\n\\","<head>\\n\\","<meta charset=\"UTF-8\">\\n\\","<meta name=\"viewport\" content=\"width=device-width, initial-scale=1\">\\n\\","<title>{{env.npm_package_name}} (v{{env.npm_package_version}})</title>\\n\\","<style>\\n\\","/*csslint\\n\\","    box-sizing: false,\\n\\","    universal-selector: false\\n\\","*/\\n\\","* {\\n\\","    box-sizing: border-box;\\n\\","}\\n\\","body {\\n\\","    background: #dde;\\n\\","    font-family: Arial, Helvetica, sans-serif;\\n\\","    margin: 2rem;\\n\\","}\\n\\","body > * {\\n\\","    margin-bottom: 1rem;\\n\\","}\\n\\",".utility2FooterDiv {\\n\\","    margin-top: 20px;\\n\\","    text-align: center;\\n\\","}\\n\\","</style>\\n\\","<style>\\n\\","/*csslint\\n\\","*/\\n\\","textarea {\\n\\","    font-family: monospace;\\n\\","    height: 10rem;\\n\\","    width: 100%;\\n\\","}\\n\\","textarea[readonly] {\\n\\","    background: #ddd;\\n\\","}\\n\\","</style>\\n\\","</head>\\n\\","<body>\\n\\","<!-- utility2-comment\\n\\","<div id=\"ajaxProgressDiv1\" style=\"background: #d00; height: 2px; left: 0; margin: 0; padding: 0; position: fixed; top: 0; transition: background 0.5s, width 1.5s; width: 25%;\"></div>\\n\\","utility2-comment -->\\n\\","<h1>\\n\\","<!-- utility2-comment\\n\\","    <a\\n\\","        {{#if env.npm_package_homepage}}\\n\\","        href=\"{{env.npm_package_homepage}}\"\\n\\","        {{/if env.npm_package_homepage}}\\n\\","        target=\"_blank\"\\n\\","    >\\n\\","utility2-comment -->\\n\\","        {{env.npm_package_name}} (v{{env.npm_package_version}})\\n\\","<!-- utility2-comment\\n\\","    </a>\\n\\","utility2-comment -->\\n\\","</h1>\\n\\","<h3>{{env.npm_package_description}}</h3>\\n\\","<!-- utility2-comment\\n\\","<h4><a download href=\"assets.app.js\">download standalone app</a></h4>\\n\\","<button class=\"onclick onreset\" id=\"testRunButton1\">run internal test</button><br>\\n\\","<div id=\"testReportDiv1\" style=\"display: none;\"></div>\\n\\","utility2-comment -->\\n\\","\\n\\","\\n\\","\\n\\","<label>stderr and stdout</label>\\n\\","<textarea class=\"resettable\" id=\"outputTextareaStdout1\" readonly></textarea>\\n\\","<!-- utility2-comment\\n\\","{{#if isRollup}}\\n\\","<script src=\"assets.app.js\"></script>\\n\\","{{#unless isRollup}}\\n\\","utility2-comment -->\\n\\","<script src=\"assets.utility2.rollup.js\"></script>\\n\\","<script src=\"jsonp.utility2._stateInit?callback=window.utility2._stateInit\"></script>\\n\\","<script src=\"assets.npmtest_jira.rollup.js\"></script>\\n\\","<script src=\"assets.example.js\"></script>\\n\\","<script src=\"assets.test.js\"></script>\\n\\","<!-- utility2-comment\\n\\","{{/if isRollup}}\\n\\","utility2-comment -->\\n\\","<div class=\"utility2FooterDiv\">\\n\\","    [ this app was created with\\n\\","    <a href=\"https://github.com/kaizhu256/node-utility2\" target=\"_blank\">utility2</a>\\n\\","    ]\\n\\","</div>\\n\\","</body>\\n\\","</html>\\n\\","';","        /* jslint-ignore-end */","        if (local.templateRender) {","            local.assetsDict['/'] = local.templateRender(","                local.assetsDict['/assets.index.template.html'],","                {","                    env: local.objectSetDefault(local.env, {","                        npm_package_description: 'the greatest app in the world!',","                        npm_package_name: 'my-app',","                        npm_package_nameAlias: 'my_app',","                        npm_package_version: '0.0.1'","                    })","                }","            );","        } else {","            local.assetsDict['/'] = local.assetsDict['/assets.index.template.html']","                .replace((/\\{\\{env\\.(\\w+?)\\}\\}/g), function (match0, match1) {","                    // jslint-hack","                    String(match0);","                    switch (match1) {","                    case 'npm_package_description':","                        return 'the greatest app in the world!';","                    case 'npm_package_name':","                        return 'my-app';","                    case 'npm_package_nameAlias':","                        return 'my_app';","                    case 'npm_package_version':","                        return '0.0.1';","                    }","                });","        }","        // run the cli","        if (local.global.utility2_rollup || module !== require.main) {","            break;","        }","        local.assetsDict['/assets.example.js'] =","            local.assetsDict['/assets.example.js'] ||","            local.fs.readFileSync(__filename, 'utf8');","        // bug-workaround - long $npm_package_buildCustomOrg","        /* jslint-ignore-begin */","        local.assetsDict['/assets.npmtest_jira.rollup.js'] =","            local.assetsDict['/assets.npmtest_jira.rollup.js'] ||","            local.fs.readFileSync(","                local.npmtest_jira.__dirname + '/lib.npmtest_jira.js',","                'utf8'","            ).replace((/^#!/), '//');","        /* jslint-ignore-end */","        local.assetsDict['/favicon.ico'] = local.assetsDict['/favicon.ico'] || '';","        // if $npm_config_timeout_exit exists,","        // then exit this process after $npm_config_timeout_exit ms","        if (Number(process.env.npm_config_timeout_exit)) {","            setTimeout(process.exit, Number(process.env.npm_config_timeout_exit));","        }","        // start server","        if (local.global.utility2_serverHttp1) {","            break;","        }","        process.env.PORT = process.env.PORT || '8081';","        console.error('server starting on port ' + process.env.PORT);","        local.http.createServer(function (request, response) {","            request.urlParsed = local.url.parse(request.url);","            if (local.assetsDict[request.urlParsed.pathname] !== undefined) {","                response.end(local.assetsDict[request.urlParsed.pathname]);","                return;","            }","            response.statusCode = 404;","            response.end();","        }).listen(process.env.PORT);","        break;","    }","}());",""],"l":{"26":2,"28":2,"33":2,"35":2,"37":2,"38":2,"39":2,"44":1,"51":2,"55":2,"59":2,"61":2,"69":1,"70":2,"76":2,"79":2,"82":2,"83":2,"85":1,"89":2,"92":1,"93":1,"94":1,"96":1,"97":1,"100":1,"101":1,"103":1,"106":1,"108":2,"114":1,"116":1,"118":1,"123":1,"124":2,"125":2,"126":3,"127":3,"128":3,"129":3,"130":1,"133":3,"134":3,"139":3,"143":1,"144":3,"145":1,"149":1,"150":1,"158":1,"160":1,"161":1,"162":1,"164":1,"166":1,"258":1,"259":1,"271":1,"274":6,"275":6,"277":1,"279":2,"281":1,"283":2,"288":1,"289":1,"291":1,"296":1,"303":1,"306":1,"307":1,"310":1,"311":1,"313":1,"314":1,"315":1,"316":1,"317":1,"318":1,"319":1,"321":1,"322":1,"324":1}},"/home/travis/build/npmtest/node-npmtest-jira/node_modules/jira/lib/jira.js":{"path":"/home/travis/build/npmtest/node-npmtest-jira/node_modules/jira/lib/jira.js","s":{"1":1,"2":1,"3":0,"4":0,"5":0,"6":0,"7":0,"8":0,"9":0,"10":0,"11":0,"12":0,"13":0,"14":0,"15":0,"16":0,"17":0,"18":0,"19":0,"20":0,"21":0,"22":0,"23":0,"24":0,"25":0,"26":0,"27":0,"28":0,"29":1,"30":1,"31":0,"32":0,"33":0,"34":0,"35":0,"36":0,"37":0,"38":0,"39":0,"40":0,"41":0,"42":0,"43":0,"44":0,"45":0,"46":1,"47":0,"48":0,"49":0,"50":0,"51":0,"52":0,"53":0,"54":0,"55":0,"56":0,"57":0,"58":0,"59":0,"60":1,"61":0,"62":0,"63":0,"64":0,"65":0,"66":0,"67":0,"68":0,"69":0,"70":0,"71":0,"72":0,"73":0,"74":1,"75":0,"76":0,"77":0,"78":0,"79":0,"80":0,"81":0,"82":0,"83":0,"84":0,"85":0,"86":0,"87":0,"88":0,"89":0,"90":0,"91":0,"92":1,"93":0,"94":0,"95":0,"96":0,"97":0,"98":0,"99":0,"100":0,"101":0,"102":0,"103":0,"104":0,"105":0,"106":0,"107":0,"108":1,"109":0,"110":0,"111":0,"112":0,"113":0,"114":0,"115":0,"116":0,"117":0,"118":0,"119":0,"120":0,"121":0,"122":0,"123":1,"124":0,"125":0,"126":0,"127":0,"128":0,"129":0,"130":0,"131":0,"132":0,"133":0,"134":0,"135":0,"136":1,"137":0,"138":0,"139":0,"140":0,"141":0,"142":0,"143":0,"144":0,"145":0,"146":0,"147":0,"148":0,"149":1,"150":0,"151":0,"152":0,"153":0,"154":0,"155":0,"156":0,"157":0,"158":0,"159":0,"160":0,"161":0,"162":0,"163":1,"164":0,"165":0,"166":0,"167":0,"168":0,"169":0,"170":0,"171":0,"172":0,"173":0,"174":0,"175":0,"176":0,"177":0,"178":0,"179":1,"180":0,"181":0,"182":0,"183":0,"184":0,"185":0,"186":0,"187":0,"188":0,"189":0,"190":0,"191":0,"192":0,"193":0,"194":0,"195":1,"196":0,"197":0,"198":0,"199":0,"200":0,"201":0,"202":0,"203":0,"204":0,"205":0,"206":0,"207":0,"208":0,"209":0,"210":0,"211":1,"212":0,"213":0,"214":0,"215":0,"216":0,"217":0,"218":0,"219":0,"220":0,"221":0,"222":0,"223":0,"224":0,"225":0,"226":0,"227":0,"228":1,"229":0,"230":0,"231":0,"232":0,"233":0,"234":0,"235":0,"236":1,"237":0,"238":0,"239":0,"240":0,"241":0,"242":0,"243":0,"244":0,"245":0,"246":0,"247":0,"248":0,"249":1,"250":0,"251":0,"252":0,"253":0,"254":0,"255":0,"256":0,"257":0,"258":0,"259":1,"260":0,"261":0,"262":0,"263":0,"264":0,"265":0,"266":0,"267":0,"268":0,"269":1,"270":0,"271":0,"272":0,"273":0,"274":0,"275":0,"276":0,"277":0,"278":0,"279":0,"280":0,"281":0,"282":1,"283":0,"284":0,"285":0,"286":0,"287":0,"288":0,"289":0,"290":0,"291":0,"292":0,"293":0,"294":0,"295":1,"296":0,"297":0,"298":0,"299":0,"300":0,"301":0,"302":0,"303":0,"304":0,"305":0,"306":0,"307":0,"308":1,"309":0,"310":0,"311":0,"312":0,"313":0,"314":0,"315":0,"316":0,"317":0,"318":0,"319":0,"320":0,"321":1,"322":0,"323":0,"324":0,"325":0,"326":0,"327":0,"328":0,"329":0,"330":0,"331":1,"332":0,"333":0,"334":0,"335":0,"336":0,"337":0,"338":0,"339":0,"340":0,"341":0,"342":0,"343":0,"344":1,"345":0,"346":0,"347":0,"348":0,"349":0,"350":0,"351":0,"352":0,"353":0,"354":0,"355":0,"356":0,"357":1,"358":0,"359":0,"360":0,"361":0,"362":0,"363":0,"364":0,"365":0,"366":0,"367":0,"368":0,"369":0,"370":0,"371":0,"372":0,"373":0,"374":0,"375":0,"376":1,"377":0,"378":0,"379":0,"380":0,"381":0,"382":0,"383":0,"384":0,"385":0,"386":1,"387":0,"388":0,"389":0,"390":0,"391":0,"392":0,"393":0,"394":0,"395":0,"396":1,"397":0,"398":0,"399":0,"400":0,"401":0,"402":0,"403":0,"404":0,"405":0,"406":1,"407":0,"408":0,"409":0,"410":0,"411":0,"412":0,"413":0,"414":0,"415":0,"416":1,"417":0,"418":0,"419":0,"420":0,"421":0,"422":0,"423":0,"424":0,"425":0,"426":1,"427":0,"428":0,"429":0,"430":0,"431":0,"432":0,"433":0,"434":0,"435":0,"436":1,"437":0,"438":0,"439":0,"440":0,"441":0,"442":0,"443":0,"444":0,"445":0},"b":{"1":[0,0],"2":[0,0],"3":[0,0],"4":[0,0],"5":[0,0],"6":[0,0,0],"7":[0,0],"8":[0,0],"9":[0,0],"10":[0,0],"11":[0,0],"12":[0,0],"13":[0,0],"14":[0,0],"15":[0,0],"16":[0,0],"17":[0,0],"18":[0,0],"19":[0,0],"20":[0,0],"21":[0,0],"22":[0,0],"23":[0,0],"24":[0,0],"25":[0,0],"26":[0,0],"27":[0,0],"28":[0,0],"29":[0,0],"30":[0,0],"31":[0,0],"32":[0,0],"33":[0,0],"34":[0,0],"35":[0,0],"36":[0,0],"37":[0,0],"38":[0,0],"39":[0,0],"40":[0,0],"41":[0,0],"42":[0,0],"43":[0,0],"44":[0,0],"45":[0,0],"46":[0,0],"47":[0,0],"48":[0,0],"49":[0,0],"50":[0,0],"51":[0,0],"52":[0,0],"53":[0,0],"54":[0,0],"55":[0,0],"56":[0,0],"57":[0,0],"58":[0,0],"59":[0,0],"60":[0,0],"61":[0,0],"62":[0,0],"63":[0,0],"64":[0,0],"65":[0,0],"66":[0,0],"67":[0,0],"68":[0,0],"69":[0,0],"70":[0,0],"71":[0,0],"72":[0,0],"73":[0,0],"74":[0,0],"75":[0,0],"76":[0,0],"77":[0,0],"78":[0,0],"79":[0,0],"80":[0,0],"81":[0,0],"82":[0,0],"83":[0,0],"84":[0,0],"85":[0,0],"86":[0,0],"87":[0,0],"88":[0,0],"89":[0,0],"90":[0,0],"91":[0,0],"92":[0,0],"93":[0,0],"94":[0,0],"95":[0,0],"96":[0,0],"97":[0,0],"98":[0,0],"99":[0,0],"100":[0,0],"101":[0,0],"102":[0,0],"103":[0,0],"104":[0,0],"105":[0,0],"106":[0,0],"107":[0,0],"108":[0,0],"109":[0,0],"110":[0,0],"111":[0,0],"112":[0,0]},"f":{"1":0,"2":0,"3":0,"4":0,"5":1,"6":0,"7":0,"8":0,"9":0,"10":0,"11":0,"12":0,"13":0,"14":0,"15":0,"16":0,"17":0,"18":0,"19":0,"20":0,"21":0,"22":0,"23":0,"24":0,"25":0,"26":0,"27":0,"28":0,"29":0,"30":0,"31":0,"32":0,"33":0,"34":0,"35":0,"36":0,"37":0,"38":0,"39":0,"40":0,"41":0,"42":0,"43":0,"44":0,"45":0,"46":0,"47":0,"48":0,"49":0,"50":0,"51":0,"52":0,"53":0,"54":0,"55":0,"56":0,"57":0,"58":0,"59":0,"60":0,"61":0,"62":0,"63":0,"64":0,"65":0,"66":0,"67":0,"68":0},"fnMap":{"1":{"name":"(anonymous_1)","line":135,"loc":{"start":{"line":135,"column":32},"end":{"line":135,"column":122}}},"2":{"name":"(anonymous_2)","line":150,"loc":{"start":{"line":150,"column":44},"end":{"line":150,"column":55}}},"3":{"name":"(anonymous_3)","line":154,"loc":{"start":{"line":154,"column":19},"end":{"line":154,"column":62}}},"4":{"name":"(anonymous_4)","line":174,"loc":{"start":{"line":174,"column":21},"end":{"line":174,"column":49}}},"5":{"name":"(anonymous_5)","line":193,"loc":{"start":{"line":193,"column":1},"end":{"line":193,"column":12}}},"6":{"name":"(anonymous_6)","line":206,"loc":{"start":{"line":206,"column":21},"end":{"line":206,"column":53}}},"7":{"name":"(anonymous_7)","line":214,"loc":{"start":{"line":214,"column":32},"end":{"line":214,"column":64}}},"8":{"name":"(anonymous_8)","line":252,"loc":{"start":{"line":252,"column":35},"end":{"line":252,"column":63}}},"9":{"name":"(anonymous_9)","line":259,"loc":{"start":{"line":259,"column":32},"end":{"line":259,"column":64}}},"10":{"name":"(anonymous_10)","line":293,"loc":{"start":{"line":293,"column":22},"end":{"line":293,"column":50}}},"11":{"name":"(anonymous_11)","line":301,"loc":{"start":{"line":301,"column":32},"end":{"line":301,"column":64}}},"12":{"name":"(anonymous_12)","line":340,"loc":{"start":{"line":340,"column":25},"end":{"line":340,"column":57}}},"13":{"name":"(anonymous_13)","line":349,"loc":{"start":{"line":349,"column":32},"end":{"line":349,"column":58}}},"14":{"name":"(anonymous_14)","line":395,"loc":{"start":{"line":395,"column":37},"end":{"line":395,"column":69}}},"15":{"name":"(anonymous_15)","line":404,"loc":{"start":{"line":404,"column":32},"end":{"line":404,"column":58}}},"16":{"name":"getSprintIssues","line":448,"loc":{"start":{"line":448,"column":27},"end":{"line":448,"column":85}}},"17":{"name":"(anonymous_17)","line":457,"loc":{"start":{"line":457,"column":30},"end":{"line":457,"column":56}}},"18":{"name":"(anonymous_18)","line":504,"loc":{"start":{"line":504,"column":28},"end":{"line":504,"column":66}}},"19":{"name":"(anonymous_19)","line":519,"loc":{"start":{"line":519,"column":32},"end":{"line":519,"column":58}}},"20":{"name":"(anonymous_20)","line":568,"loc":{"start":{"line":568,"column":21},"end":{"line":568,"column":46}}},"21":{"name":"(anonymous_21)","line":579,"loc":{"start":{"line":579,"column":32},"end":{"line":579,"column":58}}},"22":{"name":"(anonymous_22)","line":611,"loc":{"start":{"line":611,"column":23},"end":{"line":611,"column":51}}},"23":{"name":"(anonymous_23)","line":619,"loc":{"start":{"line":619,"column":32},"end":{"line":619,"column":64}}},"24":{"name":"(anonymous_24)","line":665,"loc":{"start":{"line":665,"column":25},"end":{"line":665,"column":53}}},"25":{"name":"(anonymous_25)","line":675,"loc":{"start":{"line":675,"column":32},"end":{"line":675,"column":64}}},"26":{"name":"(anonymous_26)","line":726,"loc":{"start":{"line":726,"column":25},"end":{"line":726,"column":53}}},"27":{"name":"(anonymous_27)","line":736,"loc":{"start":{"line":736,"column":32},"end":{"line":736,"column":64}}},"28":{"name":"(anonymous_28)","line":783,"loc":{"start":{"line":783,"column":22},"end":{"line":783,"column":65}}},"29":{"name":"(anonymous_29)","line":804,"loc":{"start":{"line":804,"column":32},"end":{"line":804,"column":64}}},"30":{"name":"(anonymous_30)","line":843,"loc":{"start":{"line":843,"column":23},"end":{"line":843,"column":105}}},"31":{"name":"(anonymous_31)","line":862,"loc":{"start":{"line":862,"column":32},"end":{"line":862,"column":64}}},"32":{"name":"(anonymous_32)","line":898,"loc":{"start":{"line":898,"column":26},"end":{"line":898,"column":61}}},"33":{"name":"(anonymous_33)","line":919,"loc":{"start":{"line":919,"column":23},"end":{"line":919,"column":49}}},"34":{"name":"(anonymous_34)","line":929,"loc":{"start":{"line":929,"column":32},"end":{"line":929,"column":64}}},"35":{"name":"(anonymous_35)","line":962,"loc":{"start":{"line":962,"column":23},"end":{"line":962,"column":52}}},"36":{"name":"(anonymous_36)","line":971,"loc":{"start":{"line":971,"column":32},"end":{"line":971,"column":58}}},"37":{"name":"(anonymous_37)","line":1000,"loc":{"start":{"line":1000,"column":23},"end":{"line":1000,"column":65}}},"38":{"name":"(anonymous_38)","line":1010,"loc":{"start":{"line":1010,"column":32},"end":{"line":1010,"column":58}}},"39":{"name":"(anonymous_39)","line":1061,"loc":{"start":{"line":1061,"column":26},"end":{"line":1061,"column":54}}},"40":{"name":"(anonymous_40)","line":1069,"loc":{"start":{"line":1069,"column":32},"end":{"line":1069,"column":64}}},"41":{"name":"(anonymous_41)","line":1114,"loc":{"start":{"line":1114,"column":22},"end":{"line":1114,"column":41}}},"42":{"name":"(anonymous_42)","line":1122,"loc":{"start":{"line":1122,"column":32},"end":{"line":1122,"column":64}}},"43":{"name":"(anonymous_43)","line":1162,"loc":{"start":{"line":1162,"column":26},"end":{"line":1162,"column":45}}},"44":{"name":"(anonymous_44)","line":1170,"loc":{"start":{"line":1170,"column":32},"end":{"line":1170,"column":64}}},"45":{"name":"(anonymous_45)","line":1239,"loc":{"start":{"line":1239,"column":27},"end":{"line":1239,"column":55}}},"46":{"name":"(anonymous_46)","line":1247,"loc":{"start":{"line":1247,"column":32},"end":{"line":1247,"column":64}}},"47":{"name":"(anonymous_47)","line":1280,"loc":{"start":{"line":1280,"column":27},"end":{"line":1280,"column":73}}},"48":{"name":"(anonymous_48)","line":1290,"loc":{"start":{"line":1290,"column":32},"end":{"line":1290,"column":58}}},"49":{"name":"(anonymous_49)","line":1330,"loc":{"start":{"line":1330,"column":24},"end":{"line":1330,"column":43}}},"50":{"name":"(anonymous_50)","line":1338,"loc":{"start":{"line":1338,"column":32},"end":{"line":1338,"column":64}}},"51":{"name":"(anonymous_51)","line":1370,"loc":{"start":{"line":1370,"column":22},"end":{"line":1370,"column":58}}},"52":{"name":"(anonymous_52)","line":1382,"loc":{"start":{"line":1382,"column":32},"end":{"line":1382,"column":64}}},"53":{"name":"(anonymous_53)","line":1440,"loc":{"start":{"line":1440,"column":22},"end":{"line":1440,"column":72}}},"54":{"name":"(anonymous_54)","line":1454,"loc":{"start":{"line":1454,"column":32},"end":{"line":1454,"column":64}}},"55":{"name":"(anonymous_55)","line":1500,"loc":{"start":{"line":1500,"column":26},"end":{"line":1500,"column":45}}},"56":{"name":"(anonymous_56)","line":1508,"loc":{"start":{"line":1508,"column":32},"end":{"line":1508,"column":64}}},"57":{"name":"(anonymous_57)","line":1551,"loc":{"start":{"line":1551,"column":27},"end":{"line":1551,"column":55}}},"58":{"name":"(anonymous_58)","line":1560,"loc":{"start":{"line":1560,"column":30},"end":{"line":1560,"column":62}}},"59":{"name":"(anonymous_59)","line":1602,"loc":{"start":{"line":1602,"column":24},"end":{"line":1602,"column":43}}},"60":{"name":"(anonymous_60)","line":1610,"loc":{"start":{"line":1610,"column":30},"end":{"line":1610,"column":62}}},"61":{"name":"(anonymous_61)","line":1638,"loc":{"start":{"line":1638,"column":22},"end":{"line":1638,"column":52}}},"62":{"name":"(anonymous_62)","line":1646,"loc":{"start":{"line":1646,"column":30},"end":{"line":1646,"column":62}}},"63":{"name":"(anonymous_63)","line":1674,"loc":{"start":{"line":1674,"column":25},"end":{"line":1674,"column":55}}},"64":{"name":"(anonymous_64)","line":1682,"loc":{"start":{"line":1682,"column":30},"end":{"line":1682,"column":62}}},"65":{"name":"(anonymous_65)","line":1723,"loc":{"start":{"line":1723,"column":26},"end":{"line":1723,"column":45}}},"66":{"name":"(anonymous_66)","line":1731,"loc":{"start":{"line":1731,"column":32},"end":{"line":1731,"column":64}}},"67":{"name":"(anonymous_67)","line":1814,"loc":{"start":{"line":1814,"column":34},"end":{"line":1814,"column":66}}},"68":{"name":"(anonymous_68)","line":1822,"loc":{"start":{"line":1822,"column":32},"end":{"line":1822,"column":58}}}},"statementMap":{"1":{"start":{"line":130,"column":0},"end":{"line":132,"column":29}},"2":{"start":{"line":135,"column":0},"end":{"line":191,"column":2}},"3":{"start":{"line":136,"column":4},"end":{"line":136,"column":29}},"4":{"start":{"line":137,"column":4},"end":{"line":137,"column":21}},"5":{"start":{"line":138,"column":4},"end":{"line":138,"column":21}},"6":{"start":{"line":139,"column":4},"end":{"line":139,"column":29}},"7":{"start":{"line":140,"column":4},"end":{"line":140,"column":29}},"8":{"start":{"line":141,"column":4},"end":{"line":141,"column":33}},"9":{"start":{"line":144,"column":4},"end":{"line":146,"column":5}},"10":{"start":{"line":145,"column":8},"end":{"line":145,"column":25}},"11":{"start":{"line":147,"column":4},"end":{"line":147,"column":31}},"12":{"start":{"line":149,"column":4},"end":{"line":149,"column":38}},"13":{"start":{"line":150,"column":4},"end":{"line":150,"column":62}},"14":{"start":{"line":150,"column":28},"end":{"line":150,"column":60}},"15":{"start":{"line":154,"column":4},"end":{"line":172,"column":6}},"16":{"start":{"line":155,"column":8},"end":{"line":155,"column":35}},"17":{"start":{"line":156,"column":8},"end":{"line":158,"column":9}},"18":{"start":{"line":157,"column":12},"end":{"line":157,"column":31}},"19":{"start":{"line":160,"column":8},"end":{"line":160,"column":41}},"20":{"start":{"line":161,"column":8},"end":{"line":163,"column":9}},"21":{"start":{"line":162,"column":10},"end":{"line":162,"column":37}},"22":{"start":{"line":165,"column":8},"end":{"line":170,"column":11}},"23":{"start":{"line":171,"column":8},"end":{"line":171,"column":39}},"24":{"start":{"line":174,"column":4},"end":{"line":189,"column":6}},"25":{"start":{"line":175,"column":8},"end":{"line":187,"column":9}},"26":{"start":{"line":176,"column":10},"end":{"line":181,"column":12}},"27":{"start":{"line":183,"column":10},"end":{"line":186,"column":12}},"28":{"start":{"line":188,"column":8},"end":{"line":188,"column":40}},"29":{"start":{"line":193,"column":0},"end":{"line":1839,"column":27}},"30":{"start":{"line":206,"column":4},"end":{"line":239,"column":6}},"31":{"start":{"line":208,"column":8},"end":{"line":212,"column":10}},"32":{"start":{"line":214,"column":8},"end":{"line":238,"column":11}},"33":{"start":{"line":216,"column":12},"end":{"line":219,"column":13}},"34":{"start":{"line":217,"column":16},"end":{"line":217,"column":38}},"35":{"start":{"line":218,"column":16},"end":{"line":218,"column":23}},"36":{"start":{"line":221,"column":12},"end":{"line":224,"column":13}},"37":{"start":{"line":222,"column":16},"end":{"line":222,"column":50}},"38":{"start":{"line":223,"column":16},"end":{"line":223,"column":23}},"39":{"start":{"line":226,"column":12},"end":{"line":229,"column":13}},"40":{"start":{"line":227,"column":16},"end":{"line":227,"column":102}},"41":{"start":{"line":228,"column":16},"end":{"line":228,"column":23}},"42":{"start":{"line":231,"column":12},"end":{"line":234,"column":13}},"43":{"start":{"line":232,"column":16},"end":{"line":232,"column":57}},"44":{"start":{"line":233,"column":16},"end":{"line":233,"column":23}},"45":{"start":{"line":236,"column":12},"end":{"line":236,"column":45}},"46":{"start":{"line":252,"column":4},"end":{"line":280,"column":6}},"47":{"start":{"line":253,"column":8},"end":{"line":257,"column":10}},"48":{"start":{"line":259,"column":8},"end":{"line":279,"column":11}},"49":{"start":{"line":261,"column":12},"end":{"line":264,"column":13}},"50":{"start":{"line":262,"column":16},"end":{"line":262,"column":38}},"51":{"start":{"line":263,"column":16},"end":{"line":263,"column":23}},"52":{"start":{"line":266,"column":12},"end":{"line":269,"column":13}},"53":{"start":{"line":267,"column":16},"end":{"line":267,"column":45}},"54":{"start":{"line":268,"column":16},"end":{"line":268,"column":23}},"55":{"start":{"line":271,"column":12},"end":{"line":274,"column":13}},"56":{"start":{"line":272,"column":16},"end":{"line":272,"column":102}},"57":{"start":{"line":273,"column":16},"end":{"line":273,"column":23}},"58":{"start":{"line":276,"column":12},"end":{"line":276,"column":36}},"59":{"start":{"line":277,"column":12},"end":{"line":277,"column":55}},"60":{"start":{"line":293,"column":4},"end":{"line":322,"column":6}},"61":{"start":{"line":295,"column":8},"end":{"line":299,"column":10}},"62":{"start":{"line":301,"column":8},"end":{"line":321,"column":11}},"63":{"start":{"line":303,"column":12},"end":{"line":306,"column":13}},"64":{"start":{"line":304,"column":16},"end":{"line":304,"column":38}},"65":{"start":{"line":305,"column":16},"end":{"line":305,"column":23}},"66":{"start":{"line":308,"column":12},"end":{"line":311,"column":13}},"67":{"start":{"line":309,"column":16},"end":{"line":309,"column":45}},"68":{"start":{"line":310,"column":16},"end":{"line":310,"column":23}},"69":{"start":{"line":313,"column":12},"end":{"line":316,"column":13}},"70":{"start":{"line":314,"column":16},"end":{"line":314,"column":97}},"71":{"start":{"line":315,"column":16},"end":{"line":315,"column":23}},"72":{"start":{"line":318,"column":12},"end":{"line":318,"column":36}},"73":{"start":{"line":319,"column":12},"end":{"line":319,"column":33}},"74":{"start":{"line":340,"column":4},"end":{"line":377,"column":6}},"75":{"start":{"line":342,"column":8},"end":{"line":347,"column":10}},"76":{"start":{"line":349,"column":8},"end":{"line":376,"column":9}},"77":{"start":{"line":351,"column":10},"end":{"line":354,"column":11}},"78":{"start":{"line":352,"column":14},"end":{"line":352,"column":36}},"79":{"start":{"line":353,"column":14},"end":{"line":353,"column":21}},"80":{"start":{"line":356,"column":10},"end":{"line":359,"column":11}},"81":{"start":{"line":357,"column":12},"end":{"line":357,"column":36}},"82":{"start":{"line":358,"column":12},"end":{"line":358,"column":19}},"83":{"start":{"line":361,"column":10},"end":{"line":364,"column":11}},"84":{"start":{"line":362,"column":12},"end":{"line":362,"column":99}},"85":{"start":{"line":363,"column":12},"end":{"line":363,"column":19}},"86":{"start":{"line":366,"column":10},"end":{"line":374,"column":11}},"87":{"start":{"line":367,"column":12},"end":{"line":367,"column":49}},"88":{"start":{"line":368,"column":12},"end":{"line":373,"column":13}},"89":{"start":{"line":369,"column":14},"end":{"line":372,"column":15}},"90":{"start":{"line":370,"column":16},"end":{"line":370,"column":46}},"91":{"start":{"line":371,"column":16},"end":{"line":371,"column":23}},"92":{"start":{"line":395,"column":4},"end":{"line":428,"column":6}},"93":{"start":{"line":397,"column":8},"end":{"line":402,"column":10}},"94":{"start":{"line":404,"column":8},"end":{"line":427,"column":11}},"95":{"start":{"line":406,"column":10},"end":{"line":409,"column":11}},"96":{"start":{"line":407,"column":14},"end":{"line":407,"column":36}},"97":{"start":{"line":408,"column":14},"end":{"line":408,"column":21}},"98":{"start":{"line":411,"column":10},"end":{"line":414,"column":11}},"99":{"start":{"line":412,"column":12},"end":{"line":412,"column":36}},"100":{"start":{"line":413,"column":12},"end":{"line":413,"column":19}},"101":{"start":{"line":416,"column":10},"end":{"line":419,"column":11}},"102":{"start":{"line":417,"column":12},"end":{"line":417,"column":97}},"103":{"start":{"line":418,"column":12},"end":{"line":418,"column":19}},"104":{"start":{"line":421,"column":10},"end":{"line":425,"column":11}},"105":{"start":{"line":422,"column":12},"end":{"line":422,"column":48}},"106":{"start":{"line":423,"column":12},"end":{"line":423,"column":42}},"107":{"start":{"line":424,"column":12},"end":{"line":424,"column":19}},"108":{"start":{"line":448,"column":4},"end":{"line":482,"column":6}},"109":{"start":{"line":450,"column":6},"end":{"line":455,"column":8}},"110":{"start":{"line":457,"column":6},"end":{"line":480,"column":9}},"111":{"start":{"line":459,"column":8},"end":{"line":462,"column":9}},"112":{"start":{"line":460,"column":12},"end":{"line":460,"column":34}},"113":{"start":{"line":461,"column":12},"end":{"line":461,"column":19}},"114":{"start":{"line":464,"column":8},"end":{"line":467,"column":9}},"115":{"start":{"line":465,"column":10},"end":{"line":465,"column":34}},"116":{"start":{"line":466,"column":10},"end":{"line":466,"column":17}},"117":{"start":{"line":469,"column":8},"end":{"line":472,"column":9}},"118":{"start":{"line":470,"column":10},"end":{"line":470,"column":94}},"119":{"start":{"line":471,"column":10},"end":{"line":471,"column":17}},"120":{"start":{"line":474,"column":8},"end":{"line":478,"column":9}},"121":{"start":{"line":475,"column":10},"end":{"line":475,"column":40}},"122":{"start":{"line":477,"column":10},"end":{"line":477,"column":30}},"123":{"start":{"line":504,"column":4},"end":{"line":537,"column":6}},"124":{"start":{"line":506,"column":8},"end":{"line":515,"column":10}},"125":{"start":{"line":517,"column":8},"end":{"line":517,"column":32}},"126":{"start":{"line":519,"column":8},"end":{"line":536,"column":11}},"127":{"start":{"line":521,"column":10},"end":{"line":524,"column":11}},"128":{"start":{"line":522,"column":14},"end":{"line":522,"column":36}},"129":{"start":{"line":523,"column":14},"end":{"line":523,"column":21}},"130":{"start":{"line":526,"column":10},"end":{"line":529,"column":11}},"131":{"start":{"line":527,"column":12},"end":{"line":527,"column":36}},"132":{"start":{"line":528,"column":12},"end":{"line":528,"column":19}},"133":{"start":{"line":531,"column":10},"end":{"line":534,"column":11}},"134":{"start":{"line":532,"column":12},"end":{"line":532,"column":92}},"135":{"start":{"line":533,"column":12},"end":{"line":533,"column":19}},"136":{"start":{"line":568,"column":4},"end":{"line":599,"column":6}},"137":{"start":{"line":570,"column":8},"end":{"line":577,"column":10}},"138":{"start":{"line":579,"column":8},"end":{"line":598,"column":11}},"139":{"start":{"line":581,"column":12},"end":{"line":584,"column":13}},"140":{"start":{"line":582,"column":16},"end":{"line":582,"column":38}},"141":{"start":{"line":583,"column":16},"end":{"line":583,"column":23}},"142":{"start":{"line":586,"column":12},"end":{"line":589,"column":13}},"143":{"start":{"line":587,"column":16},"end":{"line":587,"column":45}},"144":{"start":{"line":588,"column":16},"end":{"line":588,"column":23}},"145":{"start":{"line":591,"column":12},"end":{"line":594,"column":13}},"146":{"start":{"line":592,"column":16},"end":{"line":592,"column":96}},"147":{"start":{"line":593,"column":16},"end":{"line":593,"column":23}},"148":{"start":{"line":596,"column":12},"end":{"line":596,"column":27}},"149":{"start":{"line":611,"column":4},"end":{"line":640,"column":6}},"150":{"start":{"line":613,"column":8},"end":{"line":617,"column":10}},"151":{"start":{"line":619,"column":8},"end":{"line":639,"column":11}},"152":{"start":{"line":621,"column":12},"end":{"line":624,"column":13}},"153":{"start":{"line":622,"column":16},"end":{"line":622,"column":38}},"154":{"start":{"line":623,"column":16},"end":{"line":623,"column":23}},"155":{"start":{"line":626,"column":12},"end":{"line":629,"column":13}},"156":{"start":{"line":627,"column":16},"end":{"line":627,"column":45}},"157":{"start":{"line":628,"column":16},"end":{"line":628,"column":23}},"158":{"start":{"line":631,"column":12},"end":{"line":634,"column":13}},"159":{"start":{"line":632,"column":16},"end":{"line":632,"column":98}},"160":{"start":{"line":633,"column":16},"end":{"line":633,"column":23}},"161":{"start":{"line":636,"column":12},"end":{"line":636,"column":36}},"162":{"start":{"line":637,"column":12},"end":{"line":637,"column":33}},"163":{"start":{"line":665,"column":4},"end":{"line":700,"column":6}},"164":{"start":{"line":667,"column":8},"end":{"line":674,"column":10}},"165":{"start":{"line":675,"column":8},"end":{"line":699,"column":11}},"166":{"start":{"line":677,"column":12},"end":{"line":680,"column":13}},"167":{"start":{"line":678,"column":16},"end":{"line":678,"column":38}},"168":{"start":{"line":679,"column":16},"end":{"line":679,"column":23}},"169":{"start":{"line":682,"column":12},"end":{"line":685,"column":13}},"170":{"start":{"line":683,"column":16},"end":{"line":683,"column":123}},"171":{"start":{"line":684,"column":16},"end":{"line":684,"column":23}},"172":{"start":{"line":687,"column":12},"end":{"line":690,"column":13}},"173":{"start":{"line":688,"column":16},"end":{"line":688,"column":106}},"174":{"start":{"line":689,"column":16},"end":{"line":689,"column":23}},"175":{"start":{"line":692,"column":12},"end":{"line":695,"column":13}},"176":{"start":{"line":693,"column":16},"end":{"line":693,"column":100}},"177":{"start":{"line":694,"column":16},"end":{"line":694,"column":23}},"178":{"start":{"line":697,"column":12},"end":{"line":697,"column":33}},"179":{"start":{"line":726,"column":4},"end":{"line":761,"column":6}},"180":{"start":{"line":727,"column":8},"end":{"line":734,"column":10}},"181":{"start":{"line":736,"column":8},"end":{"line":760,"column":11}},"182":{"start":{"line":738,"column":12},"end":{"line":741,"column":13}},"183":{"start":{"line":739,"column":16},"end":{"line":739,"column":38}},"184":{"start":{"line":740,"column":16},"end":{"line":740,"column":23}},"185":{"start":{"line":743,"column":12},"end":{"line":746,"column":13}},"186":{"start":{"line":744,"column":16},"end":{"line":744,"column":123}},"187":{"start":{"line":745,"column":16},"end":{"line":745,"column":23}},"188":{"start":{"line":748,"column":12},"end":{"line":751,"column":13}},"189":{"start":{"line":749,"column":16},"end":{"line":749,"column":106}},"190":{"start":{"line":750,"column":16},"end":{"line":750,"column":23}},"191":{"start":{"line":753,"column":12},"end":{"line":756,"column":13}},"192":{"start":{"line":754,"column":16},"end":{"line":754,"column":100}},"193":{"start":{"line":755,"column":16},"end":{"line":755,"column":23}},"194":{"start":{"line":758,"column":12},"end":{"line":758,"column":33}},"195":{"start":{"line":783,"column":4},"end":{"line":824,"column":6}},"196":{"start":{"line":785,"column":8},"end":{"line":785,"column":34}},"197":{"start":{"line":786,"column":8},"end":{"line":788,"column":9}},"198":{"start":{"line":787,"column":12},"end":{"line":787,"column":44}},"199":{"start":{"line":790,"column":8},"end":{"line":802,"column":10}},"200":{"start":{"line":804,"column":8},"end":{"line":823,"column":11}},"201":{"start":{"line":806,"column":12},"end":{"line":809,"column":13}},"202":{"start":{"line":807,"column":16},"end":{"line":807,"column":38}},"203":{"start":{"line":808,"column":16},"end":{"line":808,"column":23}},"204":{"start":{"line":811,"column":12},"end":{"line":814,"column":13}},"205":{"start":{"line":812,"column":16},"end":{"line":812,"column":55}},"206":{"start":{"line":813,"column":16},"end":{"line":813,"column":23}},"207":{"start":{"line":816,"column":12},"end":{"line":819,"column":13}},"208":{"start":{"line":817,"column":16},"end":{"line":817,"column":93}},"209":{"start":{"line":818,"column":16},"end":{"line":818,"column":23}},"210":{"start":{"line":821,"column":12},"end":{"line":821,"column":33}},"211":{"start":{"line":843,"column":4},"end":{"line":882,"column":6}},"212":{"start":{"line":844,"column":8},"end":{"line":844,"column":56}},"213":{"start":{"line":845,"column":8},"end":{"line":845,"column":66}},"214":{"start":{"line":846,"column":8},"end":{"line":846,"column":77}},"215":{"start":{"line":847,"column":8},"end":{"line":847,"column":84}},"216":{"start":{"line":849,"column":8},"end":{"line":860,"column":10}},"217":{"start":{"line":862,"column":8},"end":{"line":881,"column":11}},"218":{"start":{"line":864,"column":12},"end":{"line":867,"column":13}},"219":{"start":{"line":865,"column":16},"end":{"line":865,"column":38}},"220":{"start":{"line":866,"column":16},"end":{"line":866,"column":23}},"221":{"start":{"line":869,"column":12},"end":{"line":872,"column":13}},"222":{"start":{"line":870,"column":16},"end":{"line":870,"column":45}},"223":{"start":{"line":871,"column":16},"end":{"line":871,"column":23}},"224":{"start":{"line":874,"column":12},"end":{"line":877,"column":13}},"225":{"start":{"line":875,"column":16},"end":{"line":875,"column":93}},"226":{"start":{"line":876,"column":16},"end":{"line":876,"column":23}},"227":{"start":{"line":879,"column":12},"end":{"line":879,"column":33}},"228":{"start":{"line":898,"column":4},"end":{"line":906,"column":6}},"229":{"start":{"line":899,"column":8},"end":{"line":901,"column":9}},"230":{"start":{"line":900,"column":12},"end":{"line":900,"column":56}},"231":{"start":{"line":902,"column":8},"end":{"line":902,"column":43}},"232":{"start":{"line":903,"column":8},"end":{"line":903,"column":72}},"233":{"start":{"line":904,"column":8},"end":{"line":904,"column":38}},"234":{"start":{"line":904,"column":20},"end":{"line":904,"column":36}},"235":{"start":{"line":905,"column":8},"end":{"line":905,"column":43}},"236":{"start":{"line":919,"column":4},"end":{"line":949,"column":6}},"237":{"start":{"line":920,"column":8},"end":{"line":927,"column":10}},"238":{"start":{"li
[...]
response.statusCode + ': Error while adding comment');","        });","    };","","    // ## Add a worklog to a project ##","    // ### Takes ###","    // *  issueId: Issue to add a worklog to","    // *  worklog: worklog object","    // *  callback: for when it's done","    //","    // ### Returns ###","    // *  error string","    // *  success string","    //","    // [Jira Doc](http://docs.atlassian.com/jira/REST/latest/#id291617)","    /*","     * Worklog item is in the format:","     *  {","     *      \"self\": \"http://www.example.com/jira/rest/api/2.0/issue/10010/worklog/10000\",","     *      \"author\": {","     *          \"self\": \"http://www.example.com/jira/rest/api/2.0/user?username=fred\",","     *          \"name\": \"fred\",","     *          \"displayName\": \"Fred F. User\",","     *          \"active\": false","     *      },","     *      \"updateAuthor\": {","     *          \"self\": \"http://www.example.com/jira/rest/api/2.0/user?username=fred\",","     *          \"name\": \"fred\",","     *          \"displayName\": \"Fred F. User\",","     *          \"active\": false","     *      },","     *      \"comment\": \"I did some work here.\",","     *      \"visibility\": {","     *          \"type\": \"group\",","     *          \"value\": \"jira-developers\"","     *      },","     *      \"started\": \"2012-11-22T04:19:46.736-0600\",","     *      \"timeSpent\": \"3h 20m\",","     *      \"timeSpentSeconds\": 12000,","     *      \"id\": \"100028\"","     *  }","     */","    this.addWorklog = function(issueId, worklog, newEstimate, callback) {","        if(typeof callback == 'undefined') {","            callback = newEstimate;","            newEstimate = false;","        }","        var options = {","            rejectUnauthorized: this.strictSSL,","            uri: this.makeUri('/issue/' + issueId + '/worklog' + (newEstimate ? \"?adjustEstimate=new&newEstimate=\" + newEstimate : \"\")),","            body: worklog,","            method: 'POST',","            followAllRedirects: true,","            json: true","        };","","        this.doRequest(options, function(error, response, body) {","","            if (error) {","                callback(error, null);","                return;","            }","","            if (response.statusCode === 201) {","                callback(null, \"Success\");","                return;","            }","            if (response.statusCode === 400) {","                callback(\"Invalid Fields: \" + JSON.stringify(body));","                return;","            }","            if (response.statusCode === 403) {","                callback(\"Insufficient Permissions\");","                return;","            }","","            callback(response.statusCode + ': Error while updating');","","        });","    };","","    // ## List all Issue Types ##","    // ### Takes ###","    //","    // *  callback: for when it's done","    //","    // ### Returns ###","    // *  error string","    // *  array of types","    //","    // [Jira Doc](http://docs.atlassian.com/jira/REST/latest/#id295946)","    /*","     * Result items are in the format:","     * {","     *  \"self\": \"http://localhostname:8090/jira/rest/api/2.0/issueType/3\",","     *  \"id\": \"3\",","     *  \"description\": \"A task that needs to be done.\",","     *  \"iconUrl\": \"http://localhostname:8090/jira/images/icons/task.gif\",","     *  \"name\": \"Task\",","     *  \"subtask\": false","     * }","     */","    this.listIssueTypes = function(callback) {","        var options = {","            rejectUnauthorized: this.strictSSL,","            uri: this.makeUri('/issuetype'),","            method: 'GET',","            json: true","        };","","        this.doRequest(options, function(error, response, body) {","","            if (error) {","                callback(error, null);","                return;","            }","","            if (response.statusCode === 200) {","                callback(null, body);","                return;","            }","","            callback(response.statusCode + ': Error while retrieving issue types');","","        });","    };","","    // ## Register a webhook ##","    // ### Takes ###","    //","    // *  webhook: properly formatted webhook","    // *  callback: for when it's done","    //","    // ### Returns ###","    // *  error string","    // *  success object","    //","    // [Jira Doc](https://developer.atlassian.com/display/JIRADEV/JIRA+Webhooks+Overview)","    /*","     * Success object in the format:","     * {","     *   name: 'my first webhook via rest',","     *   events: [],","     *   url: 'http://www.example.com/webhooks',","     *   filter: '',","     *   excludeIssueDetails: false,","     *   enabled: true,","     *   self: 'http://localhost:8090/rest/webhooks/1.0/webhook/5',","     *   lastUpdatedUser: 'user',","     *   lastUpdatedDisplayName: 'User Name',","     *   lastUpdated: 1383247225784","     * }","     */","    this.registerWebhook = function(webhook, callback) {","        var options = {","            rejectUnauthorized: this.strictSSL,","            uri: this.makeUri('/webhook', 'rest/webhooks/', '1.0'),","            method: 'POST',","            json: true,","            body: webhook","        };","","        this.request(options, function(error, response, body) {","","            if (error) {","                callback(error, null);","                return;","            }","","            if (response.statusCode === 201) {","                callback(null, body);","                return;","            }","","            callback(response.statusCode + ': Error while registering new webhook');","","        });","    };","","    // ## List all registered webhooks ##","    // ### Takes ###","    //","    // *  callback: for when it's done","    //","    // ### Returns ###","    // *  error string","    // *  array of webhook objects","    //","    // [Jira Doc](https://developer.atlassian.com/display/JIRADEV/JIRA+Webhooks+Overview)","    /*","     * Webhook object in the format:","     * {","     *   name: 'my first webhook via rest',","     *   events: [],","     *   url: 'http://www.example.com/webhooks',","     *   filter: '',","     *   excludeIssueDetails: false,","     *   enabled: true,","     *   self: 'http://localhost:8090/rest/webhooks/1.0/webhook/5',","     *   lastUpdatedUser: 'user',","     *   lastUpdatedDisplayName: 'User Name',","     *   lastUpdated: 1383247225784","     * }","     */","    this.listWebhooks = function(callback) {","        var options = {","            rejectUnauthorized: this.strictSSL,","            uri: this.makeUri('/webhook', 'rest/webhooks/', '1.0'),","            method: 'GET',","            json: true","        };","","        this.request(options, function(error, response, body) {","","            if (error) {","                callback(error, null);","                return;","            }","","            if (response.statusCode === 200) {","                callback(null, body);","                return;","            }","","            callback(response.statusCode + ': Error while listing webhooks');","","        });","    };","","    // ## Get a webhook by its ID ##","    // ### Takes ###","    //","    // *  webhookID: id of webhook to get","    // *  callback: for when it's done","    //","    // ### Returns ###","    // *  error string","    // *  webhook object","    //","    // [Jira Doc](https://developer.atlassian.com/display/JIRADEV/JIRA+Webhooks+Overview)","    this.getWebhook = function(webhookID, callback) {","        var options = {","            rejectUnauthorized: this.strictSSL,","            uri: this.makeUri('/webhook/' + webhookID, 'rest/webhooks/', '1.0'),","            method: 'GET',","            json: true","        };","","        this.request(options, function(error, response, body) {","","            if (error) {","                callback(error, null);","                return;","            }","","            if (response.statusCode === 200) {","                callback(null, body);","                return;","            }","","            callback(response.statusCode + ': Error while getting webhook');","","        });","    };","","    // ## Delete a registered webhook ##","    // ### Takes ###","    //","    // *  webhookID: id of the webhook to delete","    // *  callback: for when it's done","    //","    // ### Returns ###","    // *  error string","    // *  success string","    //","    // [Jira Doc](https://developer.atlassian.com/display/JIRADEV/JIRA+Webhooks+Overview)","    this.deleteWebhook = function(webhookID, callback) {","        var options = {","            rejectUnauthorized: this.strictSSL,","            uri: this.makeUri('/webhook/' + webhookID, 'rest/webhooks/', '1.0'),","            method: 'DELETE',","            json: true","        };","","        this.request(options, function(error, response, body) {","","            if (error) {","                callback(error, null);","                return;","            }","","            if (response.statusCode === 204) {","                callback(null, \"Success\");","                return;","            }","","            callback(response.statusCode + ': Error while deleting webhook');","","        });","    };","","    // ## Describe the currently authenticated user ##","    // ### Takes ###","    //","    // *  callback: for when it's done","    //","    // ### Returns ###","    // *  error string","    // *  user object","    //","    // [Jira Doc](http://docs.atlassian.com/jira/REST/latest/#id2e865)","    /*","     * User object in the format:","     * {","     *   self: 'http://localhost:8090/rest/api/latest/user?username=user',","     *   name: 'user',","     *   loginInfo:","     *   {","     *     failedLoginCount: 2,","     *     loginCount: 114,","     *     lastFailedLoginTime: '2013-10-29T13:33:26.702+0000',","     *     previousLoginTime: '2013-10-31T20:30:51.924+0000'","     *   }","     * }","     */","    this.getCurrentUser = function(callback) {","        var options = {","            rejectUnauthorized: this.strictSSL,","            uri: this.makeUri('/session', 'rest/auth/', '1'),","            method: 'GET',","            json: true","        };","","        this.doRequest(options, function(error, response, body) {","","            if (error) {","                callback(error, null);","                return;","            }","","            if (response.statusCode === 200) {","                callback(null, body);","                return;","            }","","            callback(response.statusCode + ': Error while getting current user');","","        });","    };","","    // ## Retrieve the backlog of a certain Rapid View ##","    // ### Takes ###","    // *  rapidViewId: rapid view id","    // *  callback: for when it's done","    //","    // ### Returns ###","    // *  error string","    // *  backlog object","    /*","     * Backlog item is in the format:","     *  {","     *      \"sprintMarkersMigrated\": true,","     *      \"issues\": [","     *          {","     *              \"id\": 67890,","     *              \"key\": \"KEY-1234\",","     *              \"summary\": \"Issue Summary\",","     *              ...","     *          }","     *      ],","     *      \"rankCustomFieldId\": 12345,","     *      \"sprints\": [","     *          {","     *              \"id\": 123,","     *              \"name\": \"Sprint Name\",","     *              \"state\": \"FUTURE\",","     *              ...","     *          }","     *      ],","     *      \"supportsPages\": true,","     *      \"projects\": [","     *          {","     *              \"id\": 567,","     *              \"key\": \"KEY\",","     *              \"name\": \"Project Name\"","     *          }","     *      ],","     *      \"epicData\": {","     *          \"epics\": [","     *              {","     *                  \"id\": 9876,","     *                  \"key\": \"KEY-4554\",","     *                  \"typeName\": \"Epic\",","     *                  ...","     *              }","     *          ],","     *          \"canEditEpics\": true,","     *          \"supportsPages\": true","     *      },","     *      \"canManageSprints\": true,","     *      \"maxIssuesExceeded\": false,","     *      \"queryResultLimit\": 2147483647,","     *      \"versionData\": {","     *          \"versionsPerProject\": {","     *              \"567\": [","     *                  {","     *                      \"id\": 8282,","     *                      \"name\": \"Version Name\",","     *                      ...","     *                  }","     *              ]","     *          },","     *          \"canCreateVersion\": true","     *      }","     *  }","     */","    this.getBacklogForRapidView = function(rapidViewId, callback) {","        var options = {","            rejectUnauthorized: this.strictSSL,","            uri: this.makeUri('/xboard/plan/backlog/data?rapidViewId=' + rapidViewId, 'rest/greenhopper/'),","            method: 'GET',","            json: true","        };","","        this.doRequest(options, function(error, response) {","            if (error) {","                callback(error, null);","","                return;","            }","","            if (response.statusCode === 200) {","                callback(null, response.body);","","                return;","            }","","            callback(response.statusCode + ': Error while retrieving backlog');","        });","    };","","}).call(JiraApi.prototype);",""],"l":{"130":1,"135":1,"136":0,"137":0,"138":0,"139":0,"140":0,"141":0,"144":0,"145":0,"147":0,"149":0,"150":0,"154":0,"155":0,"156":0,"157":0,"160":0,"161":0,"162":0,"165":0,"171":0,"174":0,"175":0,"176":0,"183":0,"188":0,"193":1,"206":1,"208":0,"214":0,"216":0,"217":0,"218":0,"221":0,"222":0,"223":0,"226":0,"227":0,"228":0,"231":0,"232":0,"233":0,"236":0,"252":1,"253":0,"259":0,"261":0,"262":0,"263":0,"266":0,"267":0,"268":0,"271":0,"272":0,"273":0,"276":0,"277":0,"293":1,"295":0,"301":0,"303":0,"304":0,"305":0,"308":0,"309":0,"310":0,"313":0,"314":0,"315":0,"318":0,"319":0,"340":1,"342":0,"349":0,"351":0,"352":0,"353":0,"356":0,"357":0,"358":0,"361":0,"362":0,"363":0,"366":0,"367":0,"368":0,"369":0,"370":0,"371":0,"395":1,"397":0,"404":0,"406":0,"407":0,"408":0,"411":0,"412":0,"413":0,"416":0,"417":0,"418":0,"421":0,"422":0,"423":0,"424":0,"448":1,"450":0,"457":0,"459":0,"460":0,"461":0,"464":0,"465":0,"466":0,"469":0,"470":0,"471":0,"474":0,"475":0,"477":0,"504":1,"506":0,"517":0,"519":0,"521":0,"522":0,"523":0,"526":0,"527":0,"528":0,"531":0,"532":0,"533":0,"568":1,"570":0,"579":0,"581":0,"582":0,"583":0,"586":0,"587":0,"588":0,"591":0,"592":0,"593":0,"596":0,"611":1,"613":0,"619":0,"621":0,"622":0,"623":0,"626":0,"627":0,"628":0,"631":0,"632":0,"633":0,"636":0,"637":0,"665":1,"667":0,"675":0,"677":0,"678":0,"679":0,"682":0,"683":0,"684":0,"687":0,"688":0,"689":0,"692":0,"693":0,"694":0,"697":0,"726":1,"727":0,"736":0,"738":0,"739":0,"740":0,"743":0,"744":0,"745":0,"748":0,"749":0,"750":0,"753":0,"754":0,"755":0,"758":0,"783":1,"785":0,"786":0,"787":0,"790":0,"804":0,"806":0,"807":0,"808":0,"811":0,"812":0,"813":0,"816":0,"817":0,"818":0,"821":0,"843":1,"844":0,"845":0,"846":0,"847":0,"849":0,"862":0,"864":0,"865":0,"866":0,"869":0,"870":0,"871":0,"874":0,"875":0,"876":0,"879":0,"898":1,"899":0,"900":0,"902":0,"903":0,"904":0,"905":0,"919":1,"920":0,"929":0,"931":0,"932":0,"933":0,"936":0,"937":0,"938":0,"941":0,"942":0,"943":0,"946":0,"962":1,"963":0,"971":0,"973":0,"974":0,"975":0,"978":0,"979":0,"980":0,"983":0,"1000":1,"1001":0,"1010":0,"1012":0,"1013":0,"1014":0,"1017":0,"1018":0,"1019":0,"1022":0,"1061":1,"1062":0,"1069":0,"1071":0,"1072":0,"1073":0,"1076":0,"1077":0,"1078":0,"1080":0,"1081":0,"1082":0,"1085":0,"1114":1,"1115":0,"1122":0,"1124":0,"1125":0,"1126":0,"1129":0,"1130":0,"1131":0,"1133":0,"1134":0,"1135":0,"1138":0,"1162":1,"1163":0,"1170":0,"1172":0,"1173":0,"1174":0,"1177":0,"1178":0,"1179":0,"1181":0,"1182":0,"1183":0,"1186":0,"1239":1,"1240":0,"1247":0,"1249":0,"1250":0,"1251":0,"1254":0,"1255":0,"1256":0,"1258":0,"1259":0,"1260":0,"1263":0,"1280":1,"1281":0,"1290":0,"1292":0,"1293":0,"1294":0,"1297":0,"1298":0,"1299":0,"1302":0,"1330":1,"1331":0,"1338":0,"1340":0,"1341":0,"1342":0,"1345":0,"1346":0,"1347":0,"1349":0,"1350":0,"1351":0,"1354":0,"1370":1,"1371":0,"1382":0,"1383":0,"1384":0,"1385":0,"1388":0,"1389":0,"1390":0,"1393":0,"1394":0,"1395":0,"1398":0,"1440":1,"1441":0,"1442":0,"1443":0,"1445":0,"1454":0,"1456":0,"1457":0,"1458":0,"1461":0,"1462":0,"1463":0,"1465":0,"1466":0,"1467":0,"1469":0,"1470":0,"1471":0,"1474":0,"1500":1,"1501":0,"1508":0,"1510":0,"1511":0,"1512":0,"1515":0,"1516":0,"1517":0,"1520":0,"1551":1,"1552":0,"1560":0,"1562":0,"1563":0,"1564":0,"1567":0,"1568":0,"1569":0,"1572":0,"1602":1,"1603":0,"1610":0,"1612":0,"1613":0,"1614":0,"1617":0,"1618":0,"1619":0,"1622":0,"1638":1,"1639":0,"1646":0,"1648":0,"1649":0,"1650":0,"1653":0,"1654":0,"1655":0,"1658":0,"1674":1,"1675":0,"1682":0,"1684":0,"1685":0,"1686":0,"1689":0,"1690":0,"1691":0,"1694":0,"1723":1,"1724":0,"1731":0,"1733":0,"1734":0,"1735":0,"1738":0,"1739":0,"1740":0,"1743":0,"1814":1,"1815":0,"1822":0,"1823":0,"1824":0,"1826":0,"1829":0,"1830":0,"1832":0,"1835":0}},"/home/travis/build/npmtest/node-npmtest-jira/node_modules/jira/Gruntfile.js":{"path":"/home/travis/build/npmtest/node-npmtest-jira/node_modules/jira/Gruntfile.js","s":{"1":1,"2":0,"3":0,"4":0,"5":0,"6":0,"7":0,"8":0,"9":0},"b":{},"f":{"1":0},"fnMap":{"1":{"name":"(anonymous_1)","line":1,"loc":{"start":{"line":1,"column":17},"end":{"line":1,"column":34}}}},"statementMap":{"1":{"start":{"line":1,"column":0},"end":{"line":60,"column":2}},"2":{"start":{"line":4,"column":2},"end":{"line":49,"column":5}},"3":{"start":{"line":52,"column":2},"end":{"line":52,"column":69}},"4":{"start":{"line":53,"column":2},"end":{"line":53,"column":48}},"5":{"start":{"line":54,"column":2},"end":{"line":54,"column":45}},"6":{"start":{"line":56,"column":2},"end":{"line":56,"column":43}},"7":{"start":{"line":57,"column":2},"end":{"line":57,"column":36}},"8":{"start":{"line":58,"column":2},"end":{"line":58,"column":35}},"9":{"start":{"line":59,"column":2},"end":{"line":59,"column":37}}},"branchMap":{},"code":["module.exports = function (grunt) {","  \"use strict\";","  // Project configuration.","  grunt.initConfig({","    pkg: '<json:package.json>',","    jasmine_node: {","      all: [\"./spec\"],","      options: {","        forceExit: false,","        extensions: 'coffee',","        jUnit: {","          report: false,","          savePath : \"./build/reports/jasmine/\",","          useDotNotation: true,","          consolidate: true","        }","      }","    },","    docco: {","      app: {","        src: ['lib/*.js']","      }","    },","    watch: {","      files: ['lib/**/*.js', 'spec/**/*.coffee'],","      tasks: 'default'","    },","    jslint: {","      client: {","        src: ['./Gruntfile.js', 'lib/**/*.js'],","        directives: {","          indent: 2,","          curly: true,","          eqeqeq: true,","          eqnull: true,","          immed: true,","          latedef: true,","          newcap: true,","          noarg: true,","          sub: true,","          undef: true,","          unused: true,","          boss: true,","          browser: true,","          predef: ['module', 'require', 'console', 'exports']","        }","      }","    }","  });","","  // Default task.","  grunt.registerTask('default', ['jslint', 'jasmine_node', 'docco']);","  grunt.registerTask('prepare', 'default bump');","  grunt.registerTask('test', 'jasmine_node');","","  grunt.loadNpmTasks('grunt-jasmine-node');","  grunt.loadNpmTasks('grunt-docco');","  grunt.loadNpmTasks('grunt-bump');","  grunt.loadNpmTasks('grunt-jslint');","};",""],"l":{"1":1,"4":0,"52":0,"53":0,"54":0,"56":0,"57":0,"58":0,"59":0}}}